1441232528282	0	B	Logging Begins
1441232527578	0	E	Logging Ends
1441232623481	0	B	Logging Begins
1441232622841	0	E	Logging Ends
1441232665360	0	B	Logging Begins
1441232755843	0	START
1441232755855	1	PROB	'1 + 1 + 6 = '	'8'	1	12482	3
1441232768337	2	STOP
1441232832167	0	START
1441232832186	1	PROB	'9 + 2 + 2 = '	'13'	1	8328	1
1441232840538	1	PROB	'5 + 4 + 6 = '	'15'	1	4008	1
1441232844546	0	STOP
1441232899420	0	START
1441232899432	1	PROB	'9 + 6 + 7 = '	'26'	0	13561	1
1441232912993	0	STOP
1441232967113	0	START
1441232967128	1	PROB	'8 + 2 + 2 = '	'12'	1	6689	1
1441232973845	1	PROB	'8 + 7 + 7 = '	'26'	0	14789	1
1441232988634	0	STOP
1441233043761	0	START
1441233043775	1	PROB	'8 + 7 + 5 = '	'20'	1	8731	1
1441233052526	1	PROB	'6 + 9 + 6 = '	'22'	0	5508	1
1441233058034	0	STOP
1441233109151	0	START
1441233109171	1	PROB	'7 + 5 + 9 = '	'25'	0	13654	1
1441233122825	0	STOP
1441233174464	0	START
1441233174483	1	PROB	'7 + 2 + 3 = '	'14'	0	3687	1
1441233178200	1	PROB	'7 + 7 + 9 = '	'26'	0	7026	1
1441233185226	0	STOP
1441233237660	0	START
1441233237677	1	PROB	'9 + 1 + 7 = '	'16'	0	3853	1
1441233241562	1	PROB	'3 + 9 + 3 = '	'15'	1	4415	1
1441233246012	1	PROB	'8 + 1 + 8 = '	'17'	1	4733	1
1441233250745	0	STOP
1441233305005	0	START
1441233305023	1	PROB	'3 + 4 + 4 = '	'13'	0	4714	1
1441233309774	1	PROB	'8 + 8 + 6 = '	'20'	0	5276	1
1441233315050	0	STOP
1441233369848	0	START
1441233369868	1	PROB	'9 + 1 + 5 = '	'15'	1	4638	1
1441233374536	1	PROB	'1 + 1 + 7 = '	'9'	1	2834	1
1441233377404	1	PROB	'9 + 1 + 6 = '	'16'	1	4341	1
1441233381745	0	STOP
1441233433592	0	START
1441233433615	1	PROB	'1 + 1 + 3 = '	'5'	1	2667	1
1441233436315	1	PROB	'8 + 9 + 1 = '	'18'	1	3263	1
1441233439599	1	PROB	'5 + 3 + 1 = '	'8'	0	3635	1
1441233443266	1	PROB	'3 + 3 + 2 = '	'8'	1	3192	1
1441233446458	0	STOP
1441233498280	0	START
1441233498293	1	PROB	'2 + 9 + 1 = '	'12'	1	3045	1
1441233501360	1	PROB	'9 + 9 + 8 = '	'28'	0	4338	1
1441233505727	1	PROB	'3 + 4 + 6 = '	'14'	0	3643	1
1441233509370	0	STOP
1441233559519	0	START
1441233559538	1	PROB	'1 + 3 + 3 = '	'7'	1	3160	1
1441233562720	1	PROB	'4 + 9 + 5 = '	'17'	0	9121	1
1441233571841	0	STOP
1441233622867	0	START
1441233622881	1	PROB	'8 + 6 + 3 = '	'17'	1	9409	1
1441233632317	1	PROB	'9 + 8 + 5 = '	'24'	0	8245	1
1441233640562	0	STOP
1441233690570	0	START
1441233690576	1	PROB	'3 + 5 + 4 = '	'14'	0	6225	1
1441233696828	1	PROB	'3 + 6 + 3 = '	'12'	1	4061	1
1441233700889	0	STOP
1441233750477	0	START
1441233750489	1	PROB	'7 + 5 + 2 = '	'14'	1	5609	1
1441233756123	1	PROB	'6 + 4 + 6 = '	'16'	1	3838	1
1441233759990	1	PROB	'2 + 1 + 4 = '	'7'	1	3636	1
1441233763626	0	STOP
1441233814174	0	START
1441233814184	1	PROB	'6 + 4 + 8 = '	'18'	1	3801	1
1441233818019	1	PROB	'4 + 4 + 1 = '	'9'	1	4431	1
1441233822486	1	PROB	'4 + 4 + 7 = '	'15'	1	9148	1
1441233831634	0	STOP
1441233945370	0	START
1441233945392	1	PROB	'5 + 8 + 7 = '	'20'	1	10290	1
1441233955682	0	STOP
1441234008263	0	START
1441234008287	1	PROB	'3 + 5 + 7 = '	'15'	1	4578	1
1441234012886	1	PROB	'9 + 7 + 8 = '	'26'	0	6388	1
1441234019274	0	STOP
1441234069156	0	START
1441234069165	1	PROB	'5 + 4 + 1 = '	'10'	1	5181	1
1441234074382	1	PROB	'8 + 3 + 5 = '	'16'	1	4620	1
1441234079033	1	PROB	'2 + 7 + 2 = '	'12'	0	4848	1
1441234083881	0	STOP
1441234113955	0	E	Logging Ends
