1441232528282	0	B	Logging Begins
1441232528395	0	SESS_START	1
1441232527578	0	E	Logging Ends
1441232623481	0	B	Logging Begins
1441232623592	0	SESS_START	1
1441232622841	0	E	Logging Ends
1441232665360	0	B	Logging Begins
1441232665471	0	SESS_START	1
1441232729766	0	TRIAL	1	HiImag	STIM	RX1	1.5	100	23	R_stim
1441232729783	1	ORIENT
1441232732370	1	REC_STUDY
1441232732385	1	WORD	SNOW	0
1441232734717	1	WORD	CART	1
1441232737069	1	WORD	BOMB	2
1441232739403	1	WORD	FARM	3
1441232741736	1	WORD	DRUM	4
1441232744087	1	WORD	WEED	5
1441232746421	1	WORD	PARK	6
1441232748754	1	WORD	SWORD	7
1441232751138	1	WORD	WAVE	8
1441232753489	1	WORD	DRESS	9
1441232769409	1	REC_START
1441232769908	0	PULSE_SENT_RETRIEVAL
1441232790408	1	REC_STOP
1441232804730	0	TRIAL	2	HiImag	STIM	RX1	1.5	100	23	E_stim
1441232804746	1	ORIENT
1441232807605	1	REC_STUDY
1441232808105	0	PULSE_SENT_ENCODING
1441232808632	1	WORD	WORM	0
1441232810998	1	WORD	BANK	1
1441232813333	1	WORD	FLOOR	2
1441232815666	1	WORD	PASTE	3
1441232818034	1	WORD	GLASS	4
1441232820383	1	WORD	NEST	5
1441232822767	1	WORD	SKUNK	6
1441232825118	1	WORD	CONE	7
1441232827469	1	WORD	YARD	8
1441232829802	1	WORD	BRUSH	9
1441232845639	1	REC_START
1441232865650	1	REC_STOP
1441232873261	0	TRIAL	3	HiImag	STIM	RX1	1.5	100	23	R_stim
1441232873278	1	ORIENT
1441232875765	1	REC_STUDY
1441232875776	1	WORD	VINE	0
1441232878143	1	WORD	TENT	1
1441232880528	1	WORD	SCHOOL	2
1441232882878	1	WORD	POLE	3
1441232885246	1	WORD	SHIRT	4
1441232887580	1	WORD	GOAT	5
1441232889946	1	WORD	PIN	6
1441232892314	1	WORD	THREAD	7
1441232894681	1	WORD	SMOKE	8
1441232897048	1	WORD	WHEEL	9
1441232914169	1	REC_START
1441232914668	0	PULSE_SENT_RETRIEVAL
1441232935168	1	REC_STOP
1441232940423	0	TRIAL	4	HiImag	STIM	RX1	1.5	100	23	E_stim
1441232940440	1	ORIENT
1441232942554	1	REC_STUDY
1441232943054	0	PULSE_SENT_ENCODING
1441232943573	1	WORD	BIRD	0
1441232945923	1	WORD	ROCK	1
1441232948275	1	WORD	HEN	2
1441232950626	1	WORD	BEAN	3
1441232953009	1	WORD	MUG	4
1441232955376	1	WORD	CORD	5
1441232957743	1	WORD	WOLF	6
1441232960111	1	WORD	BATH	7
1441232962444	1	WORD	FORK	8
1441232964777	1	WORD	TRUCK	9
1441232989766	1	REC_START
1441233009765	1	REC_STOP
1441233016487	0	TRIAL	5	HiImag	STIM	RX1	1.5	100	23	E_stim
1441233016503	1	ORIENT
1441233019232	1	REC_STUDY
1441233019732	0	PULSE_SENT_ENCODING
1441233020254	1	WORD	MOOSE	0
1441233022603	1	WORD	MAT	1
1441233024988	1	WORD	CHEEK	2
1441233027322	1	WORD	BOWL	3
1441233029656	1	WORD	FUDGE	4
1441233032006	1	WORD	SHRIMP	5
1441233034341	1	WORD	KING	6
1441233036675	1	WORD	CORN	7
1441233039042	1	WORD	WORLD	8
1441233041409	1	WORD	WHALE	9
1441233059178	1	REC_START
1441233079178	1	REC_STOP
1441233083015	0	TRIAL	6	HiImag	STIM	RX1	1.5	100	23	R_stim
1441233083033	1	ORIENT
1441233085521	1	REC_STUDY
1441233085533	1	WORD	SHELL	0
1441233087883	1	WORD	BRIDGE	1
1441233090267	1	WORD	SWAMP	2
1441233092618	1	WORD	BAT	3
1441233095001	1	WORD	SEAT	4
1441233097369	1	WORD	PURSE	5
1441233099718	1	WORD	KEY	6
1441233102069	1	WORD	FOOD	7
1441233104437	1	WORD	WALL	8
1441233106819	1	WORD	COUCH	9
1441233124008	1	REC_START
1441233124507	0	PULSE_SENT_RETRIEVAL
1441233145007	1	REC_STOP
1441233147461	0	TRIAL	7	HiImag	STIM	RX1	1.5	100	23	E_stim
1441233147478	1	ORIENT
1441233149907	1	REC_STUDY
1441233150407	0	PULSE_SENT_ENCODING
1441233150927	1	WORD	PIG	0
1441233153262	1	WORD	CHIEF	1
1441233155628	1	WORD	ROOF	2
1441233157962	1	WORD	CANE	3
1441233160313	1	WORD	PIE	4
1441233162664	1	WORD	BELL	5
1441233165031	1	WORD	DART	6
1441233167365	1	WORD	ROOM	7
1441233169731	1	WORD	STAIR	8
1441233172083	1	WORD	MOON	9
1441233186320	1	REC_START
1441233206319	1	REC_STOP
1441233211772	0	TRIAL	8	HiImag	STIM	RX1	1.5	100	23	R_stim
1441233211789	1	ORIENT
1441233214112	1	REC_STUDY
1441233214124	1	WORD	ROPE	0
1441233216490	1	WORD	POND	1
1441233218840	1	WORD	CAR	2
1441233221191	1	WORD	CLIFF	3
1441233223558	1	WORD	TEETH	4
1441233225908	1	WORD	FLUTE	5
1441233228243	1	WORD	SHOE	6
1441233230610	1	WORD	ZOO	7
1441233232960	1	WORD	TOAD	8
1441233235327	1	WORD	DOOR	9
1441233251980	1	REC_START
1441233252479	0	PULSE_SENT_RETRIEVAL
1441233272979	1	REC_STOP
1441233278785	0	TRIAL	9	HiImag	STIM	RX1	1.5	100	23	R_stim
1441233278802	1	ORIENT
1441233281509	1	REC_STUDY
1441233281520	1	WORD	SHEEP	0
1441233283884	1	WORD	GLOVE	1
1441233286237	1	WORD	WOOD	2
1441233288571	1	WORD	POOL	3
1441233290935	1	WORD	DEER	4
1441233293272	1	WORD	CLAY	5
1441233295605	1	WORD	SLUSH	6
1441233297988	1	WORD	JAR	7
1441233300340	1	WORD	FOAM	8
1441233302673	1	WORD	SINK	9
1441233316259	1	REC_START
1441233316759	0	PULSE_SENT_RETRIEVAL
1441233337267	1	REC_STOP
1441233342397	0	TRIAL	10	HiImag	STIM	RX1	1.5	100	23	E_stim
1441233342414	1	ORIENT
1441233345289	1	REC_STUDY
1441233345789	0	PULSE_SENT_ENCODING
1441233346315	1	WORD	BENCH	0
1441233348665	1	WORD	SOAP	1
1441233350998	1	WORD	PEARL	2
1441233353350	1	WORD	TOOTH	3
1441233355700	1	WORD	SKI	4
1441233358033	1	WORD	CLOTH	5
1441233360417	1	WORD	SEA	6
1441233362767	1	WORD	LIP	7
1441233365152	1	WORD	CALF	8
1441233367502	1	WORD	NET	9
1441233382937	1	REC_START
1441233402945	1	REC_STOP
1441233407160	0	TRIAL	11	HiImag	STIM	RX1	1.5	100	23	R_stim
1441233407176	1	ORIENT
1441233410047	1	REC_STUDY
1441233410060	1	WORD	DAD	0
1441233412411	1	WORD	BED	1
1441233414776	1	WORD	DIME	2
1441233417128	1	WORD	BOOT	3
1441233419462	1	WORD	CAVE	4
1441233421794	1	WORD	TRASH	5
1441233424128	1	WORD	SMILE	6
1441233426496	1	WORD	SHIELD	7
1441233428862	1	WORD	BEAK	8
1441233431247	1	WORD	DOG	9
1441233447668	1	REC_START
1441233448167	0	PULSE_SENT_RETRIEVAL
1441233468667	1	REC_STOP
1441233471338	0	TRIAL	12	HiImag	STIM	RX1	1.5	100	23	E_stim
1441233471354	1	ORIENT
1441233473807	1	REC_STUDY
1441233474307	0	PULSE_SENT_ENCODING
1441233474821	1	WORD	CAKE	0
1441233477155	1	WORD	BOOK	1
1441233479489	1	WORD	FOX	2
1441233481855	1	WORD	MOUTH	3
1441233484190	1	WORD	JUDGE	4
1441233486524	1	WORD	HORSE	5
1441233488857	1	WORD	DOCK	6
1441233491241	1	WORD	BLUSH	7
1441233493576	1	WORD	BRICK	8
1441233495942	1	WORD	HOUSE	9
1441233510579	1	REC_START
1441233530578	1	REC_STOP
1441233533199	0	TRIAL	13	HiImag	STIM	RX1	1.5	100	23	R_stim
1441233533216	1	ORIENT
1441233535974	1	REC_STUDY
1441233535982	1	WORD	PLANE	0
1441233538350	1	WORD	HAT	1
1441233540684	1	WORD	VASE	2
1441233543051	1	WORD	HOOF	3
1441233545418	1	WORD	SUIT	4
1441233547751	1	WORD	TOY	5
1441233550136	1	WORD	SHIP	6
1441233552487	1	WORD	VEST	7
1441233554835	1	WORD	LEAF	8
1441233557187	1	WORD	BAND	9
1441233573073	1	REC_START
1441233573573	0	PULSE_SENT_RETRIEVAL
1441233594073	1	REC_STOP
1441233596061	0	TRIAL	14	HiImag	STIM	RX1	1.5	100	23	E_stim
1441233596077	1	ORIENT
1441233598313	1	REC_STUDY
1441233598813	0	PULSE_SENT_ENCODING
1441233599328	1	WORD	STEAK	0
1441233601662	1	WORD	TAPE	1
1441233604012	1	WORD	SIGN	2
1441233606363	1	WORD	TEA	3
1441233608728	1	WORD	BOX	4
1441233611080	1	WORD	CAT	5
1441233613447	1	WORD	HOOK	6
1441233615780	1	WORD	MAZE	7
1441233618164	1	WORD	CHIN	8
1441233620515	1	WORD	SUN	9
1441233641669	1	REC_START
1441233661669	1	REC_STOP
1441233663190	0	TRIAL	15	HiImag	STIM	RX1	1.5	100	23	E_stim
1441233663207	1	ORIENT
1441233665995	1	REC_STUDY
1441233666495	0	PULSE_SENT_ENCODING
1441233667023	1	WORD	COIN	0
1441233669392	1	WORD	LAMP	1
1441233671740	1	WORD	BOY	2
1441233674091	1	WORD	MOTH	3
1441233676442	1	WORD	CUBE	4
1441233678791	1	WORD	CASH	5
1441233681160	1	WORD	FOG	6
1441233683511	1	WORD	PANTS	7
1441233685876	1	WORD	SEED	8
1441233688228	1	WORD	TIE	9
1441233702081	1	REC_START
1441233722080	1	REC_STOP
1441233724534	0	TRIAL	16	HiImag	STIM	RX1	1.5	100	23	R_stim
1441233724552	1	ORIENT
1441233726938	1	REC_STUDY
1441233726950	1	WORD	SUIT	0
1441233729286	1	WORD	HEN	1
1441233731653	1	WORD	WORLD	2
1441233734020	1	WORD	JAR	3
1441233736370	1	WORD	NET	4
1441233738720	1	WORD	PLANE	5
1441233741070	1	WORD	TEETH	6
1441233743438	1	WORD	SEA	7
1441233745771	1	WORD	BAT	8
1441233748105	1	WORD	BENCH	9
1441233764676	1	REC_START
1441233765175	0	PULSE_SENT_RETRIEVAL
1441233785675	1	REC_STOP
1441233787562	0	TRIAL	17	HiImag	STIM	RX1	1.5	100	23	E_stim
1441233787579	1	ORIENT
1441233789666	1	REC_STUDY
1441233790166	0	PULSE_SENT_ENCODING
1441233790679	1	WORD	STEM	0
1441233793064	1	WORD	SNOW	1
1441233795414	1	WORD	CART	2
1441233797763	1	WORD	STEAK	3
1441233800098	1	WORD	CHIEF	4
1441233802449	1	WORD	DOOR	5
1441233804782	1	WORD	CAT	6
1441233807133	1	WORD	CAR	7
1441233809467	1	WORD	BEAK	8
1441233811816	1	WORD	SHEEP	9
1441233832804	1	REC_START
1441233852803	1	REC_STOP
1441233919271	0	TRIAL	18	HiImag	STIM	RX1	1.5	100	23	R_stim
1441233919286	1	ORIENT
1441233921807	1	REC_STUDY
1441233921820	1	WORD	POLE	0
1441233924188	1	WORD	VEST	1
1441233926537	1	WORD	MOUTH	2
1441233928871	1	WORD	COUCH	3
1441233931238	1	WORD	SUN	4
1441233933607	1	WORD	MOOSE	5
1441233935972	1	WORD	FOAM	6
1441233938324	1	WORD	WEED	7
1441233940674	1	WORD	CORD	8
1441233943042	1	WORD	FUDGE	9
1441233956728	1	REC_START
1441233957227	0	PULSE_SENT_RETRIEVAL
1441233977727	1	REC_STOP
1441233981281	0	TRIAL	19	HiImag	STIM	RX1	1.5	100	23	E_stim
1441233981298	1	ORIENT
1441233983713	1	REC_STUDY
1441233984213	0	PULSE_SENT_ENCODING
1441233984732	1	WORD	GLOVE	0
1441233987083	1	WORD	SKI	1
1441233989450	1	WORD	SWORD	2
1441233991799	1	WORD	ZOO	3
1441233994168	1	WORD	PEARL	4
1441233996501	1	WORD	DAD	5
1441233998849	1	WORD	SEED	6
1441234001202	1	WORD	CHEEK	7
1441234003553	1	WORD	CLIFF	8
1441234005919	1	WORD	HAT	9
1441234020356	1	REC_START
1441234040364	1	REC_STOP
1441234042858	0	TRIAL	20	HiImag	STIM	RX1	1.5	100	23	R_stim
1441234042875	1	ORIENT
1441234045510	1	REC_STUDY
1441234045527	1	WORD	BRIDGE	0
1441234047877	1	WORD	HORSE	1
1441234050245	1	WORD	SOAP	2
1441234052610	1	WORD	SHOE	3
1441234054995	1	WORD	CLOTH	4
1441234057363	1	WORD	BRICK	5
1441234059729	1	WORD	WAVE	6
1441234062063	1	WORD	SCHOOL	7
1441234064448	1	WORD	LAMP	8
1441234066814	1	WORD	SWAMP	9
1441234084990	1	REC_START
1441234085483	0	PULSE_SENT_RETRIEVAL
1441234105983	1	REC_STOP
1441234113922	0	SESS_END
1441234113955	0	E	Logging Ends
