1441232527896	0	B	Logging Begins
1441232527896	0	SETUP
1441232527897	0	RESTORESTATE
1441232527897	0	RESTORESTATE
1441232527907	0	SESSION	0
1441232527912	0	SESSION	1
1441232527919	0	SESSION	2
1441232527925	0	SESSION	3
1441232527930	0	SESSION	4
1441232527936	0	SESSION	5
1441232527942	0	SESSION	6
1441232527947	0	SESSION	7
1441232527952	0	SESSION	8
1441232527958	0	SESSION	9
1441232527965	0	SAVESTATE
1441232527965	0	RESTORESTATE
1441232527968	0	SESSION	0
1441232578971	0	BREAK
1441232578971	0	E	Logging Ends
1441232623164	0	B	Logging Begins
1441232623164	0	SETUP
1441232623165	0	RESTORESTATE
1441232623169	0	RESTORESTATE
1441232623172	0	SESSION	0
1441232633652	0	BREAK
1441232633652	0	E	Logging Ends
1441232665044	0	B	Logging Begins
1441232665044	0	SETUP
1441232665045	0	RESTORESTATE
1441232665048	0	RESTORESTATE
1441232665051	0	SESSION	0
1441232790419	0	SAVESTATE
1441232865656	0	SAVESTATE
1441232935178	0	SAVESTATE
1441233009775	0	SAVESTATE
1441233079188	0	SAVESTATE
1441233145017	0	SAVESTATE
1441233206330	0	SAVESTATE
1441233272989	0	SAVESTATE
1441233337272	0	SAVESTATE
1441233402950	0	SAVESTATE
1441233468678	0	SAVESTATE
1441233530588	0	SAVESTATE
1441233594084	0	SAVESTATE
1441233661679	0	SAVESTATE
1441233722090	0	SAVESTATE
1441233785685	0	SAVESTATE
1441233852813	0	SAVESTATE
1441233977737	0	SAVESTATE
1441234040371	0	SAVESTATE
1441234105993	0	SAVESTATE
1441234105995	0	SAVESTATE
1441234113956	0	EXIT
1441234113956	0	E	Logging Ends
1441988667992	0	B	Logging Begins
1441988667993	0	SETUP
1441988667994	0	RESTORESTATE
1441988667998	0	RESTORESTATE
1441988668002	0	SESSION	1
1441988679167	0	BREAK
1441988679167	0	E	Logging Ends
1441988689845	0	B	Logging Begins
1441988689845	0	SETUP
1441988689846	0	RESTORESTATE
1441988689849	0	RESTORESTATE
1441988689852	0	SESSION	1
1441988795469	0	SAVESTATE
1441988856065	0	SAVESTATE
1441988918979	0	SAVESTATE
1441988997111	0	SAVESTATE
1441989060855	0	SAVESTATE
1441989072967	0	BREAK
1441989072967	0	E	Logging Ends
1442005632921	0	B	Logging Begins
1442005632921	0	SETUP
1442005632922	0	RESTORESTATE
1442005632925	0	RESTORESTATE
1442005632928	0	SESSION	1
1442005640511	0	BREAK
1442005640511	0	E	Logging Ends
