1441293434941	0	B	Logging Begins
1441293435183	0	SESS_START	1	NONSTIM_SESSION	v_1.05
1441293467671	0	COUNTDOWN_START
1441293478099	0	COUNTDOWN_END
1441293481490	1	PRACTICE_WORD	RHINO
1441293483941	1	PRACTICE_WORD	FLOOD
1441293486408	1	PRACTICE_WORD	BEAM
1441293488842	1	PRACTICE_WORD	CHEST
1441293491392	1	PRACTICE_WORD	IRON
1441293493859	1	PRACTICE_WORD	RING
1441293496360	1	PRACTICE_WORD	WAGON
1441293498894	1	PRACTICE_WORD	WATCH
1441293501427	1	PRACTICE_WORD	TONGUE
1441293503894	1	PRACTICE_WORD	ATTIC
1441293506312	1	PRACTICE_WORD	COTTON
1441293508712	1	PRACTICE_WORD	CAMEL
1441293510329	0	PRACTICE_DISTRACT_START
1441293531966	0	PRACTICE_DISTRACT_END
1441293532652	1	PRACTICE_REC_START
1441293563167	1	PRACTICE_REC_END
1441293608764	0	TRIAL	1	STIM_PARAMS	0
1441293608763	0	COUNTDOWN_START
1441293619191	0	COUNTDOWN_END
1441293619200	1	ORIENT
1441293621616	1	WORD	text	GLASS	0	NO_STIM
1441293624101	1	WORD	text	STREET	1	NO_STIM
1441293626550	1	WORD	text	STAIR	2	NO_STIM
1441293628967	1	WORD	text	STORE	3	NO_STIM
1441293631518	1	WORD	text	PHONE	4	NO_STIM
1441293633935	1	WORD	text	NAIL	5	NO_STIM
1441293636452	1	WORD	text	PET	6	NO_STIM
1441293639053	1	WORD	text	BOOK	7	NO_STIM
1441293641519	1	WORD	text	BOMB	8	NO_STIM
1441293644054	1	WORD	text	BIRD	9	NO_STIM
1441293646537	1	WORD	text	CAT	10	NO_STIM
1441293648921	1	WORD	text	SHARK	11	NO_STIM
1441293650538	0	DISTRACT_START
1441293671958	0	DISTRACT_END
1441293672993	1	REC_START
1441293703003	1	REC_END
1441293705848	0	TRIAL	2	STIM_PARAMS	0
1441293705848	0	COUNTDOWN_START
1441293716276	0	COUNTDOWN_END
1441293716283	1	ORIENT
1441293718733	1	WORD	text	MAT	0	NO_STIM
1441293721152	1	WORD	text	BAND	1	NO_STIM
1441293723684	1	WORD	text	SUN	2	NO_STIM
1441293726102	1	WORD	text	RUG	3	NO_STIM
1441293728535	1	WORD	text	FORK	4	NO_STIM
1441293730902	1	WORD	text	PEACH	5	NO_STIM
1441293733386	1	WORD	text	OAR	6	NO_STIM
1441293735987	1	WORD	text	SKY	7	NO_STIM
1441293738420	1	WORD	text	BOAT	8	NO_STIM
1441293740821	1	WORD	text	FOAM	9	NO_STIM
1441293743371	1	WORD	text	EAR	10	NO_STIM
1441293746006	1	WORD	text	CLIFF	11	NO_STIM
1441293747622	0	DISTRACT_START
1441293768027	0	DISTRACT_END
1441293769061	1	REC_START
1441293799071	1	REC_END
1441293801632	0	TRIAL	3	STIM_PARAMS	0
1441293801632	0	COUNTDOWN_START
1441293812060	0	COUNTDOWN_END
1441293812068	1	ORIENT
1441293814518	1	WORD	text	EGG	0	NO_STIM
1441293817136	1	WORD	text	HILL	1	NO_STIM
1441293819585	1	WORD	text	ELF	2	NO_STIM
1441293822170	1	WORD	text	WALL	3	NO_STIM
1441293824786	1	WORD	text	HOLE	4	NO_STIM
1441293827171	1	WORD	text	PLATE	5	NO_STIM
1441293829620	1	WORD	text	GEESE	6	NO_STIM
1441293832055	1	WORD	text	PARK	7	NO_STIM
1441293834521	1	WORD	text	LIP	8	NO_STIM
1441293836938	1	WORD	text	BENCH	9	NO_STIM
1441293839489	1	WORD	text	GUARD	10	NO_STIM
1441293841889	1	WORD	text	FOOT	11	NO_STIM
1441293843506	0	DISTRACT_START
1441293865944	0	DISTRACT_END
1441293867146	1	REC_START
1441293897156	1	REC_END
1441293899417	0	TRIAL	4	STIM_PARAMS	0
1441293899416	0	COUNTDOWN_START
1441293909844	0	COUNTDOWN_END
1441293909852	1	ORIENT
1441293912402	1	WORD	text	TRUCK	0	NO_STIM
1441293914886	1	WORD	text	JEEP	1	NO_STIM
1441293917420	1	WORD	text	ARK	2	NO_STIM
1441293919970	1	WORD	text	PALM	3	NO_STIM
1441293922520	1	WORD	text	POOL	4	NO_STIM
1441293925072	1	WORD	text	CART	5	NO_STIM
1441293927538	1	WORD	text	BAG	6	NO_STIM
1441293930056	1	WORD	text	GRASS	7	NO_STIM
1441293932622	1	WORD	text	DITCH	8	NO_STIM
1441293935040	1	WORD	text	HOUSE	9	NO_STIM
1441293937640	1	WORD	text	CHIN	10	NO_STIM
1441293940158	1	WORD	text	BOX	11	NO_STIM
1441293941774	0	DISTRACT_START
1441293964278	0	DISTRACT_END
1441293965346	1	REC_START
1441293995356	1	REC_END
1441293997102	0	TRIAL	5	STIM_PARAMS	0
1441293997102	0	COUNTDOWN_START
1441294007530	0	COUNTDOWN_END
1441294007536	1	ORIENT
1441294010070	1	WORD	text	BRIDGE	0	NO_STIM
1441294012587	1	WORD	text	BAT	1	NO_STIM
1441294015172	1	WORD	text	BALL	2	NO_STIM
1441294017604	1	WORD	text	MOLE	3	NO_STIM
1441294020106	1	WORD	text	TRAIN	4	NO_STIM
1441294022672	1	WORD	text	TOAD	5	NO_STIM
1441294025074	1	WORD	text	MAZE	6	NO_STIM
1441294027540	1	WORD	text	PRINCE	7	NO_STIM
1441294030058	1	WORD	text	CORD	8	NO_STIM
1441294032441	1	WORD	text	CAR	9	NO_STIM
1441294034841	1	WORD	text	EEL	10	NO_STIM
1441294037275	1	WORD	text	BANK	11	NO_STIM
1441294038892	0	DISTRACT_START
1441294059829	0	DISTRACT_END
1441294060880	1	REC_START
1441294090890	1	REC_END
1441294093835	0	TRIAL	6	STIM_PARAMS	0
1441294093835	0	COUNTDOWN_START
1441294104263	0	COUNTDOWN_END
1441294104270	1	ORIENT
1441294106821	1	WORD	text	DOCK	0	NO_STIM
1441294109421	1	WORD	text	JET	1	NO_STIM
1441294111788	1	WORD	text	MOUTH	2	NO_STIM
1441294114272	1	WORD	text	PIE	3	NO_STIM
1441294116672	1	WORD	text	STOVE	4	NO_STIM
1441294119223	1	WORD	text	SPARK	5	NO_STIM
1441294121757	1	WORD	text	PASTE	6	NO_STIM
1441294124141	1	WORD	text	PEA	7	NO_STIM
1441294126608	1	WORD	text	STEAM	8	NO_STIM
1441294129159	1	WORD	text	SMOKE	9	NO_STIM
1441294131742	1	WORD	text	VAN	10	NO_STIM
1441294134309	1	WORD	text	PLANE	11	NO_STIM
1441294135926	0	DISTRACT_START
1441294158930	0	DISTRACT_END
1441294159998	1	REC_START
1441294190009	1	REC_END
1441294192121	0	TRIAL	7	STIM_PARAMS	0
1441294192121	0	COUNTDOWN_START
1441294202549	0	COUNTDOWN_END
1441294202555	1	ORIENT
1441294205056	1	WORD	text	WING	0	NO_STIM
1441294207672	1	WORD	text	TOE	1	NO_STIM
1441294210141	1	WORD	text	COUCH	2	NO_STIM
1441294212523	1	WORD	text	FLEA	3	NO_STIM
1441294214907	1	WORD	text	CUP	4	NO_STIM
1441294217391	1	WORD	text	TREE	5	NO_STIM
1441294219875	1	WORD	text	BLUSH	6	NO_STIM
1441294222442	1	WORD	text	SNAIL	7	NO_STIM
1441294224825	1	WORD	text	OWL	8	NO_STIM
1441294227426	1	WORD	text	ZOO	9	NO_STIM
1441294229826	1	WORD	text	PIT	10	NO_STIM
1441294232343	1	WORD	text	DIME	11	NO_STIM
1441294233961	0	DISTRACT_START
1441294256698	0	DISTRACT_END
1441294257865	1	REC_START
1441294287879	1	REC_END
1441294290039	0	TRIAL	8	STIM_PARAMS	0
1441294290038	0	COUNTDOWN_START
1441294300466	0	COUNTDOWN_END
1441294300473	1	ORIENT
1441294302956	1	WORD	text	TANK	0	NO_STIM
1441294305440	1	WORD	text	SCHOOL	1	NO_STIM
1441294308008	1	WORD	text	CONE	2	NO_STIM
1441294310458	1	WORD	text	GRAPE	3	NO_STIM
1441294313043	1	WORD	text	SAIL	4	NO_STIM
1441294315542	1	WORD	text	BEE	5	NO_STIM
1441294318093	1	WORD	text	FLAG	6	NO_STIM
1441294320660	1	WORD	text	ICE	7	NO_STIM
1441294323111	1	WORD	text	PLANT	8	NO_STIM
1441294325627	1	WORD	text	STEM	9	NO_STIM
1441294328095	1	WORD	text	ROOT	10	NO_STIM
1441294330561	1	WORD	text	KITE	11	NO_STIM
1441294332162	0	DISTRACT_START
1441294353366	0	DISTRACT_END
1441294354416	1	REC_START
1441294384430	1	REC_END
1441294386538	0	TRIAL	9	STIM_PARAMS	0
1441294386538	0	COUNTDOWN_START
1441294396966	0	COUNTDOWN_END
1441294396973	1	ORIENT
1441294399524	1	WORD	text	PEN	0	NO_STIM
1441294401891	1	WORD	text	TEA	1	NO_STIM
1441294404275	1	WORD	text	JAR	2	NO_STIM
1441294406875	1	WORD	text	RIB	3	NO_STIM
1441294409442	1	WORD	text	STEAK	4	NO_STIM
1441294411976	1	WORD	text	TRAY	5	NO_STIM
1441294414460	1	WORD	text	STOOL	6	NO_STIM
1441294416960	1	WORD	text	MILK	7	NO_STIM
1441294419394	1	WORD	text	VASE	8	NO_STIM
1441294421895	1	WORD	text	CANE	9	NO_STIM
1441294424329	1	WORD	text	RAT	10	NO_STIM
1441294426779	1	WORD	text	DESK	11	NO_STIM
1441294428396	0	DISTRACT_START
1441294450700	0	DISTRACT_END
1441294451867	1	REC_START
1441294481878	1	REC_END
1441294484223	0	TRIAL	10	STIM_PARAMS	0
1441294484223	0	COUNTDOWN_START
1441294494651	0	COUNTDOWN_END
1441294494658	1	ORIENT
1441294497059	1	WORD	text	STORM	0	NO_STIM
1441294499659	1	WORD	text	CAVE	1	NO_STIM
1441294502276	1	WORD	text	SPRING	2	NO_STIM
1441294504760	1	WORD	text	SLUSH	3	NO_STIM
1441294507260	1	WORD	text	BOWL	4	NO_STIM
1441294509861	1	WORD	text	BARN	5	NO_STIM
1441294512278	1	WORD	text	BROOM	6	NO_STIM
1441294514728	1	WORD	text	CAGE	7	NO_STIM
1441294517312	1	WORD	text	ROPE	8	NO_STIM
1441294519879	1	WORD	text	CALF	9	NO_STIM
1441294522279	1	WORD	text	YARD	10	NO_STIM
1441294524713	1	WORD	text	FLOOR	11	NO_STIM
1441294526330	0	DISTRACT_START
1441294548152	0	DISTRACT_END
1441294549321	1	REC_START
1441294579329	1	REC_END
1441294581857	0	TRIAL	11	STIM_PARAMS	0
1441294581857	0	COUNTDOWN_START
1441294592285	0	COUNTDOWN_END
1441294592292	1	ORIENT
1441294594876	1	WORD	text	FISH	0	NO_STIM
1441294597493	1	WORD	text	SHIELD	1	NO_STIM
1441294600078	1	WORD	text	SOCK	2	NO_STIM
1441294602511	1	WORD	text	HOOK	3	NO_STIM
1441294605112	1	WORD	text	RAKE	4	NO_STIM
1441294607495	1	WORD	text	HORSE	5	NO_STIM
1441294609862	1	WORD	text	COW	6	NO_STIM
1441294612296	1	WORD	text	DOG	7	NO_STIM
1441294614746	1	WORD	text	NOSE	8	NO_STIM
1441294617280	1	WORD	text	POND	9	NO_STIM
1441294619764	1	WORD	text	SKI	10	NO_STIM
1441294622381	1	WORD	text	CUBE	11	NO_STIM
1441294623998	0	DISTRACT_START
1441294645885	0	DISTRACT_END
1441294646953	1	REC_START
1441294676963	1	REC_END
1441294679026	0	TRIAL	12	STIM_PARAMS	0
1441294679026	0	COUNTDOWN_START
1441294689454	0	COUNTDOWN_END
1441294689460	1	ORIENT
1441294691894	1	WORD	text	BOOT	0	NO_STIM
1441294694411	1	WORD	text	CROW	1	NO_STIM
1441294696911	1	WORD	text	MULE	2	NO_STIM
1441294699545	1	WORD	text	FLUTE	3	NO_STIM
1441294701979	1	WORD	text	WEB	4	NO_STIM
1441294704396	1	WORD	text	ARM	5	NO_STIM
1441294706913	1	WORD	text	BUSH	6	NO_STIM
1441294709497	1	WORD	text	SHOE	7	NO_STIM
1441294711931	1	WORD	text	BEAN	8	NO_STIM
1441294714431	1	WORD	text	DEER	9	NO_STIM
1441294717016	1	WORD	text	WORM	10	NO_STIM
1441294719466	1	WORD	text	MOTH	11	NO_STIM
1441294721084	0	DISTRACT_START
1441294744054	0	DISTRACT_END
1441294745171	1	REC_START
1441294775185	1	REC_END
1441294777543	0	TRIAL	13	STIM_PARAMS	0
1441294777543	0	COUNTDOWN_START
1441294787971	0	COUNTDOWN_END
1441294787978	1	ORIENT
1441294790378	1	WORD	text	SIGN	0	NO_STIM
1441294792929	1	WORD	text	CLOCK	1	NO_STIM
1441294795429	1	WORD	text	PURSE	2	NO_STIM
1441294797930	1	WORD	text	SUIT	3	NO_STIM
1441294800530	1	WORD	text	FOG	4	NO_STIM
1441294803032	1	WORD	text	STONE	5	NO_STIM
1441294805614	1	WORD	text	SLEEVE	6	NO_STIM
1441294808116	1	WORD	text	PEARL	7	NO_STIM
1441294810632	1	WORD	text	PEAR	8	NO_STIM
1441294813200	1	WORD	text	FLAME	9	NO_STIM
1441294815833	1	WORD	text	DART	10	NO_STIM
1441294818234	1	WORD	text	SQUARE	11	NO_STIM
1441294819850	0	DISTRACT_START
1441294842455	0	DISTRACT_END
1441294843672	1	REC_START
1441294873684	1	REC_END
1441294881845	0	TRIAL	14	STIM_PARAMS	0
1441294881845	0	COUNTDOWN_START
1441294892273	0	COUNTDOWN_END
1441294892280	1	ORIENT
1441294894831	1	WORD	text	STICK	0	NO_STIM
1441294897281	1	WORD	text	FUR	1	NO_STIM
1441294899798	1	WORD	text	DUCK	2	NO_STIM
1441294902365	1	WORD	text	MOUSE	3	NO_STIM
1441294904799	1	WORD	text	LAMB	4	NO_STIM
1441294907383	1	WORD	text	PIG	5	NO_STIM
1441294909950	1	WORD	text	SNAKE	6	NO_STIM
1441294912567	1	WORD	text	BEAK	7	NO_STIM
1441294915102	1	WORD	text	BRUSH	8	NO_STIM
1441294917702	1	WORD	text	TAIL	9	NO_STIM
1441294920136	1	WORD	text	FENCE	10	NO_STIM
1441294922602	1	WORD	text	SWAMP	11	NO_STIM
1441294924204	0	DISTRACT_START
1441294948941	0	DISTRACT_END
1441294950109	1	REC_START
1441294980121	1	REC_END
1441294982797	0	TRIAL	15	STIM_PARAMS	0
1441294982797	0	COUNTDOWN_START
1441294993225	0	COUNTDOWN_END
1441294993232	1	ORIENT
1441294995616	1	WORD	text	SHEET	0	NO_STIM
1441294998017	1	WORD	text	OAK	1	NO_STIM
1441295000417	1	WORD	text	PANTS	2	NO_STIM
1441295003018	1	WORD	text	TENT	3	NO_STIM
1441295005551	1	WORD	text	WOLF	4	NO_STIM
1441295007968	1	WORD	text	INK	5	NO_STIM
1441295010485	1	WORD	text	HOOF	6	NO_STIM
1441295012902	1	WORD	text	SHEEP	7	NO_STIM
1441295015503	1	WORD	text	BOY	8	NO_STIM
1441295018088	1	WORD	text	KEY	9	NO_STIM
1441295020604	1	WORD	text	BED	10	NO_STIM
1441295023155	1	WORD	text	MAIL	11	NO_STIM
1441295024771	0	DISTRACT_START
1441295045193	0	DISTRACT_END
1441295046259	1	REC_START
1441295076271	1	REC_END
1441295078881	0	TRIAL	16	STIM_PARAMS	0
1441295078881	0	COUNTDOWN_START
1441295089309	0	COUNTDOWN_END
1441295089316	1	ORIENT
1441295091917	1	WORD	text	STRING	0	NO_STIM
1441295094450	1	WORD	text	DOLL	1	NO_STIM
1441295096818	1	WORD	text	FROG	2	NO_STIM
1441295099285	1	WORD	text	ROOM	3	NO_STIM
1441295101685	1	WORD	text	CHAIR	4	NO_STIM
1441295104070	1	WORD	text	LAWN	5	NO_STIM
1441295106686	1	WORD	text	HORN	6	NO_STIM
1441295109187	1	WORD	text	BOARD	7	NO_STIM
1441295111670	1	WORD	text	HAND	8	NO_STIM
1441295114271	1	WORD	text	DOOR	9	NO_STIM
1441295116855	1	WORD	text	WOOD	10	NO_STIM
1441295119255	1	WORD	text	DRUM	11	NO_STIM
1441295120872	0	DISTRACT_START
1441295141176	0	DISTRACT_END
1441295142310	1	REC_START
1441295172322	1	REC_END
1441295175649	0	TRIAL	17	STIM_PARAMS	0
1441295175649	0	COUNTDOWN_START
1441295186077	0	COUNTDOWN_END
1441295186085	1	ORIENT
1441295188618	1	WORD	text	BEACH	0	NO_STIM
1441295191219	1	WORD	text	ROCK	1	NO_STIM
1441295193769	1	WORD	text	HEART	2	NO_STIM
1441295196286	1	WORD	text	LEAF	3	NO_STIM
1441295198903	1	WORD	text	LAKE	4	NO_STIM
1441295201370	1	WORD	text	JUDGE	5	NO_STIM
1441295203770	1	WORD	text	SHIP	6	NO_STIM
1441295206371	1	WORD	text	APE	7	NO_STIM
1441295208905	1	WORD	text	SHELL	8	NO_STIM
1441295211338	1	WORD	text	CHIEF	9	NO_STIM
1441295213956	1	WORD	text	CAPE	10	NO_STIM
1441295216473	1	WORD	text	BRANCH	11	NO_STIM
1441295218091	0	DISTRACT_START
1441295238793	0	DISTRACT_END
1441295239828	1	REC_START
1441295269837	1	REC_END
1441295272366	0	TRIAL	18	STIM_PARAMS	0
1441295272366	0	COUNTDOWN_START
1441295282794	0	COUNTDOWN_END
1441295282801	1	ORIENT
1441295285219	1	WORD	text	BLOOM	0	NO_STIM
1441295287636	1	WORD	text	PIPE	1	NO_STIM
1441295290253	1	WORD	text	BREAD	2	NO_STIM
1441295292737	1	WORD	text	SEED	3	NO_STIM
1441295295155	1	WORD	text	JUICE	4	NO_STIM
1441295297571	1	WORD	text	FORT	5	NO_STIM
1441295300056	1	WORD	text	TOY	6	NO_STIM
1441295302488	1	WORD	text	LOCK	7	NO_STIM
1441295304972	1	WORD	text	SALT	8	NO_STIM
1441295307473	1	WORD	text	BRICK	9	NO_STIM
1441295309873	1	WORD	text	RICE	10	NO_STIM
1441295312457	1	WORD	text	FRUIT	11	NO_STIM
1441295314075	0	DISTRACT_START
1441295334227	0	DISTRACT_END
1441295335312	1	REC_START
1441295365324	1	REC_END
1441295367267	0	TRIAL	19	STIM_PARAMS	0
1441295367267	0	COUNTDOWN_START
1441295377695	0	COUNTDOWN_END
1441295377702	1	ORIENT
1441295380087	1	WORD	text	LAND	0	NO_STIM
1441295382720	1	WORD	text	CLAY	1	NO_STIM
1441295385104	1	WORD	text	RAIN	2	NO_STIM
1441295387587	1	WORD	text	CLOTH	3	NO_STIM
1441295390089	1	WORD	text	CROWN	4	NO_STIM
1441295392555	1	WORD	text	STRAW	5	NO_STIM
1441295394989	1	WORD	text	GOLD	6	NO_STIM
1441295397589	1	WORD	text	SLIME	7	NO_STIM
1441295400124	1	WORD	text	SWORD	8	NO_STIM
1441295402590	1	WORD	text	VINE	9	NO_STIM
1441295405058	1	WORD	text	COIN	10	NO_STIM
1441295407674	1	WORD	text	CORN	11	NO_STIM
1441295409291	0	DISTRACT_START
1441295431812	0	DISTRACT_END
1441295432879	1	REC_START
1441295462891	1	REC_END
1441295465203	0	TRIAL	20	STIM_PARAMS	0
1441295465202	0	COUNTDOWN_START
1441295475630	0	COUNTDOWN_END
1441295475637	1	ORIENT
1441295478254	1	WORD	text	SOUP	0	NO_STIM
1441295480754	1	WORD	text	PIN	1	NO_STIM
1441295483271	1	WORD	text	VEST	2	NO_STIM
1441295485838	1	WORD	text	TOAST	3	NO_STIM
1441295488239	1	WORD	text	THREAD	4	NO_STIM
1441295490623	1	WORD	text	SOAP	5	NO_STIM
1441295493191	1	WORD	text	CHALK	6	NO_STIM
1441295495690	1	WORD	text	LAMP	7	NO_STIM
1441295498257	1	WORD	text	TOOL	8	NO_STIM
1441295500824	1	WORD	text	SPONGE	9	NO_STIM
1441295503258	1	WORD	text	FUDGE	10	NO_STIM
1441295505675	1	WORD	text	SHIRT	11	NO_STIM
1441295507292	0	DISTRACT_START
1441295529896	0	DISTRACT_END
1441295530997	1	REC_START
1441295561010	1	REC_END
1441295563586	0	TRIAL	21	STIM_PARAMS	0
1441295563586	0	COUNTDOWN_START
1441295574014	0	COUNTDOWN_END
1441295574022	1	ORIENT
1441295576588	1	WORD	text	SEA	0	NO_STIM
1441295579090	1	WORD	text	HOSE	1	NO_STIM
1441295581556	1	WORD	text	MOOSE	2	NO_STIM
1441295584174	1	WORD	text	THUMB	3	NO_STIM
1441295586740	1	WORD	text	FILM	4	NO_STIM
1441295589307	1	WORD	text	ROAD	5	NO_STIM
1441295591808	1	WORD	text	WHEEL	6	NO_STIM
1441295594292	1	WORD	text	SEAL	7	NO_STIM
1441295596775	1	WORD	text	TEETH	8	NO_STIM
1441295599225	1	WORD	text	BEAR	9	NO_STIM
1441295601709	1	WORD	text	CAKE	10	NO_STIM
1441295604178	1	WORD	text	TOOTH	11	NO_STIM
1441295605794	0	DISTRACT_START
1441295629448	0	DISTRACT_END
1441295630632	1	REC_START
1441295660644	1	REC_END
1441295662254	0	TRIAL	22	STIM_PARAMS	0
1441295662254	0	COUNTDOWN_START
1441295672682	0	COUNTDOWN_END
1441295672689	1	ORIENT
1441295675256	1	WORD	text	SKUNK	0	NO_STIM
1441295677773	1	WORD	text	FOX	1	NO_STIM
1441295680158	1	WORD	text	ROOF	2	NO_STIM
1441295682558	1	WORD	text	FOOD	3	NO_STIM
1441295685092	1	WORD	text	HAWK	4	NO_STIM
1441295687525	1	WORD	text	CLOUD	5	NO_STIM
1441295690060	1	WORD	text	CRANE	6	NO_STIM
1441295692526	1	WORD	text	WEED	7	NO_STIM
1441295694993	1	WORD	text	NEST	8	NO_STIM
1441295697477	1	WORD	text	ANT	9	NO_STIM
1441295699844	1	WORD	text	SNOW	10	NO_STIM
1441295702345	1	WORD	text	HEN	11	NO_STIM
1441295703961	0	DISTRACT_START
1441295724365	0	DISTRACT_END
1441295725433	1	REC_START
1441295755445	1	REC_END
1441295757588	0	TRIAL	23	STIM_PARAMS	0
1441295757588	0	COUNTDOWN_START
1441295768016	0	COUNTDOWN_END
1441295768024	1	ORIENT
1441295770640	1	WORD	text	FARM	0	NO_STIM
1441295773257	1	WORD	text	NET	1	NO_STIM
1441295775708	1	WORD	text	WAVE	2	NO_STIM
1441295778142	1	WORD	text	CLOWN	3	NO_STIM
1441295780675	1	WORD	text	MAP	4	NO_STIM
1441295783226	1	WORD	text	POLE	5	NO_STIM
1441295785826	1	WORD	text	STAR	6	NO_STIM
1441295788310	1	WORD	text	SHRIMP	7	NO_STIM
1441295790794	1	WORD	text	MOON	8	NO_STIM
1441295793344	1	WORD	text	TRASH	9	NO_STIM
1441295795728	1	WORD	text	WHALE	10	NO_STIM
1441295798295	1	WORD	text	CASH	11	NO_STIM
1441295799912	0	DISTRACT_START
1441295822833	0	DISTRACT_END
1441295824018	1	REC_START
1441295854029	1	REC_END
1441295856373	0	TRIAL	24	STIM_PARAMS	0
1441295856373	0	COUNTDOWN_START
1441295866801	0	COUNTDOWN_END
1441295866808	1	ORIENT
1441295869242	1	WORD	text	MUD	0	NO_STIM
1441295871825	1	WORD	text	LEG	1	NO_STIM
1441295874359	1	WORD	text	WAND	2	NO_STIM
1441295876976	1	WORD	text	BATH	3	NO_STIM
1441295879577	1	WORD	text	GLOVE	4	NO_STIM
1441295882045	1	WORD	text	FAN	5	NO_STIM
1441295884644	1	WORD	text	SPOON	6	NO_STIM
1441295887046	1	WORD	text	GOAT	7	NO_STIM
1441295889562	1	WORD	text	SPEAR	8	NO_STIM
1441295891979	1	WORD	text	HAT	9	NO_STIM
1441295894463	1	WORD	text	AXE	10	NO_STIM
1441295897064	1	WORD	text	BADGE	11	NO_STIM
1441295898680	0	DISTRACT_START
1441295919984	0	DISTRACT_END
1441295921019	1	REC_START
1441295951036	1	REC_END
1441295953624	0	TRIAL	25	STIM_PARAMS	0
1441295953624	0	COUNTDOWN_START
1441295964052	0	COUNTDOWN_END
1441295964060	1	ORIENT
1441295966593	1	WORD	text	GATE	0	NO_STIM
1441295969027	1	WORD	text	DRESS	1	NO_STIM
1441295971494	1	WORD	text	SEAT	2	NO_STIM
1441295973994	1	WORD	text	FACE	3	NO_STIM
1441295976478	1	WORD	text	ROSE	4	NO_STIM
1441295979063	1	WORD	text	MUG	5	NO_STIM
1441295981479	1	WORD	text	SMILE	6	NO_STIM
1441295984013	1	WORD	text	TIE	7	NO_STIM
1441295986596	1	WORD	text	JAIL	8	NO_STIM
1441295989131	1	WORD	text	SINK	9	NO_STIM
1441295991564	1	WORD	text	CHEEK	10	NO_STIM
1441295994065	1	WORD	text	WORLD	11	NO_STIM
1441295995681	0	DISTRACT_START
1441296017635	0	DISTRACT_END
1441296018819	1	REC_START
1441296048835	1	REC_END
1441296090565	0	SESS_END
1441296090598	0	E	Logging Ends
