1441834530357	0	B	Logging Begins
1441834530481	0	SESS_START	3	NONSTIM_SESSION	v_1.05
1441834544464	0	COUNTDOWN_START
1441834554892	0	COUNTDOWN_END
1441834558533	1	PRACTICE_WORD	CHEST
1441834561135	1	PRACTICE_WORD	FLOOD
1441834563568	1	PRACTICE_WORD	TONGUE
1441834566053	1	PRACTICE_WORD	WAGON
1441834568552	1	PRACTICE_WORD	COTTON
1441834571120	1	PRACTICE_WORD	WATCH
1441834573603	1	PRACTICE_WORD	RHINO
1441834576138	1	PRACTICE_WORD	ATTIC
1441834578737	1	PRACTICE_WORD	IRON
1441834581338	1	PRACTICE_WORD	RING
1441834583921	1	PRACTICE_WORD	BEAM
1441834586489	1	PRACTICE_WORD	CAMEL
1441834588106	0	PRACTICE_DISTRACT_START
1441834608459	0	PRACTICE_DISTRACT_END
1441834609096	1	PRACTICE_REC_START
1441834639609	1	PRACTICE_REC_END
1441834649118	0	TRIAL	1	STIM_PARAMS	0
1441834649118	0	COUNTDOWN_START
1441834659546	0	COUNTDOWN_END
1441834659552	1	ORIENT
1441834662152	1	WORD	text	GLOVE	0	NO_STIM
1441834664703	1	WORD	text	PIPE	1	NO_STIM
1441834667088	1	WORD	text	FAN	2	NO_STIM
1441834669687	1	WORD	text	PURSE	3	NO_STIM
1441834672154	1	WORD	text	BAND	4	NO_STIM
1441834674605	1	WORD	text	PIN	5	NO_STIM
1441834677006	1	WORD	text	WAND	6	NO_STIM
1441834679472	1	WORD	text	TOOL	7	NO_STIM
1441834681872	1	WORD	text	THUMB	8	NO_STIM
1441834684273	1	WORD	text	YARD	9	NO_STIM
1441834686823	1	WORD	text	VEST	10	NO_STIM
1441834689391	1	WORD	text	DESK	11	NO_STIM
1441834691009	0	DISTRACT_START
1441834711328	0	DISTRACT_END
1441834712395	1	REC_START
1441834742409	1	REC_END
1441834744768	0	TRIAL	2	STIM_PARAMS	0
1441834744767	0	COUNTDOWN_START
1441834755195	0	COUNTDOWN_END
1441834755203	1	ORIENT
1441834757670	1	WORD	text	LIP	0	NO_STIM
1441834760088	1	WORD	text	STORE	1	NO_STIM
1441834762654	1	WORD	text	SHIRT	2	NO_STIM
1441834765139	1	WORD	text	RIB	3	NO_STIM
1441834767571	1	WORD	text	MULE	4	NO_STIM
1441834769972	1	WORD	text	BOWL	5	NO_STIM
1441834772422	1	WORD	text	BREAD	6	NO_STIM
1441834774956	1	WORD	text	CHAIR	7	NO_STIM
1441834777390	1	WORD	text	BEAN	8	NO_STIM
1441834780008	1	WORD	text	PANTS	9	NO_STIM
1441834782424	1	WORD	text	BARN	10	NO_STIM
1441834785026	1	WORD	text	STOVE	11	NO_STIM
1441834786642	0	DISTRACT_START
1441834811746	0	DISTRACT_END
1441834812847	1	REC_START
1441834842858	1	REC_END
1441834845336	0	TRIAL	3	STIM_PARAMS	0
1441834845336	0	COUNTDOWN_START
1441834855764	0	COUNTDOWN_END
1441834855771	1	ORIENT
1441834858255	1	WORD	text	POND	0	NO_STIM
1441834860755	1	WORD	text	STRAW	1	NO_STIM
1441834863339	1	WORD	text	SLUSH	2	NO_STIM
1441834865723	1	WORD	text	CAGE	3	NO_STIM
1441834868190	1	WORD	text	VASE	4	NO_STIM
1441834870724	1	WORD	text	SINK	5	NO_STIM
1441834873207	1	WORD	text	JAR	6	NO_STIM
1441834875674	1	WORD	text	SEAL	7	NO_STIM
1441834878059	1	WORD	text	GEESE	8	NO_STIM
1441834880675	1	WORD	text	HAT	9	NO_STIM
1441834883226	1	WORD	text	BOX	10	NO_STIM
1441834885643	1	WORD	text	PET	11	NO_STIM
1441834887260	0	DISTRACT_START
1441834909031	0	DISTRACT_END
1441834910116	1	REC_START
1441834940126	1	REC_END
1441834942121	0	TRIAL	4	STIM_PARAMS	0
1441834942121	0	COUNTDOWN_START
1441834952549	0	COUNTDOWN_END
1441834952555	1	ORIENT
1441834954939	1	WORD	text	WOLF	0	NO_STIM
1441834957356	1	WORD	text	SHEEP	1	NO_STIM
1441834959890	1	WORD	text	RUG	2	NO_STIM
1441834962324	1	WORD	text	SPARK	3	NO_STIM
1441834964941	1	WORD	text	SUN	4	NO_STIM
1441834967358	1	WORD	text	CONE	5	NO_STIM
1441834969858	1	WORD	text	ICE	6	NO_STIM
1441834972458	1	WORD	text	WHALE	7	NO_STIM
1441834974926	1	WORD	text	NAIL	8	NO_STIM
1441834977510	1	WORD	text	CLIFF	9	NO_STIM
1441834980094	1	WORD	text	JEEP	10	NO_STIM
1441834982477	1	WORD	text	CROW	11	NO_STIM
1441834984095	0	DISTRACT_START
1441835005116	0	DISTRACT_END
1441835006232	1	REC_START
1441835036242	1	REC_END
1441835038188	0	TRIAL	5	STIM_PARAMS	0
1441835038187	0	COUNTDOWN_START
1441835048615	0	COUNTDOWN_END
1441835048623	1	ORIENT
1441835051041	1	WORD	text	NET	0	NO_STIM
1441835053490	1	WORD	text	MILK	1	NO_STIM
1441835055941	1	WORD	text	CASH	2	NO_STIM
1441835058441	1	WORD	text	GOLD	3	NO_STIM
1441835060925	1	WORD	text	STEAK	4	NO_STIM
1441835063308	1	WORD	text	GRAPE	5	NO_STIM
1441835065692	1	WORD	text	CORN	6	NO_STIM
1441835068276	1	WORD	text	CLOTH	7	NO_STIM
1441835070810	1	WORD	text	FILM	8	NO_STIM
1441835073260	1	WORD	text	PIG	9	NO_STIM
1441835075844	1	WORD	text	BEAK	10	NO_STIM
1441835078311	1	WORD	text	PEARL	11	NO_STIM
1441835079928	0	DISTRACT_START
1441835102316	0	DISTRACT_END
1441835103416	1	REC_START
1441835133430	1	REC_END
1441835135605	0	TRIAL	6	STIM_PARAMS	0
1441835135605	0	COUNTDOWN_START
1441835146033	0	COUNTDOWN_END
1441835146041	1	ORIENT
1441835148574	1	WORD	text	FORT	0	NO_STIM
1441835151092	1	WORD	text	ZOO	1	NO_STIM
1441835153658	1	WORD	text	SHARK	2	NO_STIM
1441835156126	1	WORD	text	ROCK	3	NO_STIM
1441835158509	1	WORD	text	SAIL	4	NO_STIM
1441835160910	1	WORD	text	BEACH	5	NO_STIM
1441835163543	1	WORD	text	FLAG	6	NO_STIM
1441835166061	1	WORD	text	FUR	7	NO_STIM
1441835168611	1	WORD	text	DOG	8	NO_STIM
1441835171096	1	WORD	text	FLEA	9	NO_STIM
1441835173662	1	WORD	text	JAIL	10	NO_STIM
1441835176246	1	WORD	text	TRASH	11	NO_STIM
1441835177863	0	DISTRACT_START
1441835199433	0	DISTRACT_END
1441835200485	1	REC_START
1441835230494	1	REC_END
1441835232389	0	TRIAL	7	STIM_PARAMS	0
1441835232389	0	COUNTDOWN_START
1441835242817	0	COUNTDOWN_END
1441835242825	1	ORIENT
1441835245358	1	WORD	text	FARM	0	NO_STIM
1441835247925	1	WORD	text	LAKE	1	NO_STIM
1441835250426	1	WORD	text	SNOW	2	NO_STIM
1441835253027	1	WORD	text	RAKE	3	NO_STIM
1441835255560	1	WORD	text	CALF	4	NO_STIM
1441835257977	1	WORD	text	SPRING	5	NO_STIM
1441835260594	1	WORD	text	GRASS	6	NO_STIM
1441835263112	1	WORD	text	SKUNK	7	NO_STIM
1441835265562	1	WORD	text	WOOD	8	NO_STIM
1441835268146	1	WORD	text	SIGN	9	NO_STIM
1441835270563	1	WORD	text	ELF	10	NO_STIM
1441835273081	1	WORD	text	MOTH	11	NO_STIM
1441835274697	0	DISTRACT_START
1441835294734	0	DISTRACT_END
1441835295851	1	REC_START
1441835325864	1	REC_END
1441835327340	0	TRIAL	8	STIM_PARAMS	0
1441835327340	0	COUNTDOWN_START
1441835337768	0	COUNTDOWN_END
1441835337775	1	ORIENT
1441835340192	1	WORD	text	BRUSH	0	NO_STIM
1441835342643	1	WORD	text	MUD	1	NO_STIM
1441835345193	1	WORD	text	PHONE	2	NO_STIM
1441835347694	1	WORD	text	CHALK	3	NO_STIM
1441835350311	1	WORD	text	SMOKE	4	NO_STIM
1441835352794	1	WORD	text	BATH	5	NO_STIM
1441835355245	1	WORD	text	FOAM	6	NO_STIM
1441835357779	1	WORD	text	FROG	7	NO_STIM
1441835360213	1	WORD	text	STRING	8	NO_STIM
1441835362846	1	WORD	text	BOARD	9	NO_STIM
1441835365247	1	WORD	text	PIE	10	NO_STIM
1441835367864	1	WORD	text	TOOTH	11	NO_STIM
1441835369481	0	DISTRACT_START
1441835393003	0	DISTRACT_END
1441835394137	1	REC_START
1441835424146	1	REC_END
1441835427958	0	TRIAL	9	STIM_PARAMS	0
1441835427958	0	COUNTDOWN_START
1441835438386	0	COUNTDOWN_END
1441835438393	1	ORIENT
1441835440877	1	WORD	text	ANT	0	NO_STIM
1441835443278	1	WORD	text	RAT	1	NO_STIM
1441835445811	1	WORD	text	PEAR	2	NO_STIM
1441835448395	1	WORD	text	BRANCH	3	NO_STIM
1441835450896	1	WORD	text	CAVE	4	NO_STIM
1441835453346	1	WORD	text	MOLE	5	NO_STIM
1441835455730	1	WORD	text	HEART	6	NO_STIM
1441835458280	1	WORD	text	SLIME	7	NO_STIM
1441835460781	1	WORD	text	FOOD	8	NO_STIM
1441835463214	1	WORD	text	BEE	9	NO_STIM
1441835465815	1	WORD	text	BED	10	NO_STIM
1441835468266	1	WORD	text	PLANT	11	NO_STIM
1441835469882	0	DISTRACT_START
1441835493737	0	DISTRACT_END
1441835494821	1	REC_START
1441835524831	1	REC_END
1441835526460	0	TRIAL	10	STIM_PARAMS	0
1441835526459	0	COUNTDOWN_START
1441835536887	0	COUNTDOWN_END
1441835536895	1	ORIENT
1441835539495	1	WORD	text	CLAY	0	NO_STIM
1441835541962	1	WORD	text	INK	1	NO_STIM
1441835544529	1	WORD	text	CHIN	2	NO_STIM
1441835546980	1	WORD	text	BANK	3	NO_STIM
1441835549514	1	WORD	text	PEACH	4	NO_STIM
1441835551981	1	WORD	text	STOOL	5	NO_STIM
1441835554565	1	WORD	text	BENCH	6	NO_STIM
1441835556965	1	WORD	text	THREAD	7	NO_STIM
1441835559382	1	WORD	text	LAMP	8	NO_STIM
1441835561799	1	WORD	text	SOAP	9	NO_STIM
1441835564349	1	WORD	text	FLUTE	10	NO_STIM
1441835566967	1	WORD	text	PASTE	11	NO_STIM
1441835568584	0	DISTRACT_START
1441835589604	0	DISTRACT_END
1441835590756	1	REC_START
1441835620766	1	REC_END
1441835625378	0	TRIAL	11	STIM_PARAMS	0
1441835625377	0	COUNTDOWN_START
1441835635805	0	COUNTDOWN_END
1441835635813	1	ORIENT
1441835638230	1	WORD	text	WORM	0	NO_STIM
1441835640630	1	WORD	text	EGG	1	NO_STIM
1441835643180	1	WORD	text	HOOK	2	NO_STIM
1441835645781	1	WORD	text	WING	3	NO_STIM
1441835648315	1	WORD	text	FISH	4	NO_STIM
1441835650782	1	WORD	text	STORM	5	NO_STIM
1441835653249	1	WORD	text	SEA	6	NO_STIM
1441835655766	1	WORD	text	WEB	7	NO_STIM
1441835658267	1	WORD	text	SHRIMP	8	NO_STIM
1441835660734	1	WORD	text	SHELL	9	NO_STIM
1441835663251	1	WORD	text	CUBE	10	NO_STIM
1441835665851	1	WORD	text	BOAT	11	NO_STIM
1441835667468	0	DISTRACT_START
1441835688772	0	DISTRACT_END
1441835689823	1	REC_START
1441835719833	1	REC_END
1441835721195	0	TRIAL	12	STIM_PARAMS	0
1441835721195	0	COUNTDOWN_START
1441835731623	0	COUNTDOWN_END
1441835731630	1	ORIENT
1441835734048	1	WORD	text	GLASS	0	NO_STIM
1441835736531	1	WORD	text	FOG	1	NO_STIM
1441835738981	1	WORD	text	TRAY	2	NO_STIM
1441835741465	1	WORD	text	FUDGE	3	NO_STIM
1441835744067	1	WORD	text	STEAM	4	NO_STIM
1441835746449	1	WORD	text	JET	5	NO_STIM
1441835749018	1	WORD	text	LAND	6	NO_STIM
1441835751400	1	WORD	text	SALT	7	NO_STIM
1441835753901	1	WORD	text	FLAME	8	NO_STIM
1441835756401	1	WORD	text	CLOUD	9	NO_STIM
1441835758985	1	WORD	text	SHIP	10	NO_STIM
1441835761485	1	WORD	text	SPONGE	11	NO_STIM
1441835763087	0	DISTRACT_START
1441835786540	0	DISTRACT_END
1441835787658	1	REC_START
1441835817670	1	REC_END
1441835819296	0	TRIAL	13	STIM_PARAMS	0
1441835819296	0	COUNTDOWN_START
1441835829724	0	COUNTDOWN_END
1441835829731	1	ORIENT
1441835832232	1	WORD	text	ROOT	0	NO_STIM
1441835834665	1	WORD	text	TREE	1	NO_STIM
1441835837149	1	WORD	text	POOL	2	NO_STIM
1441835839600	1	WORD	text	DART	3	NO_STIM
1441835842167	1	WORD	text	RICE	4	NO_STIM
1441835844584	1	WORD	text	LEAF	5	NO_STIM
1441835847151	1	WORD	text	OAK	6	NO_STIM
1441835849668	1	WORD	text	STEM	7	NO_STIM
1441835852169	1	WORD	text	SEED	8	NO_STIM
1441835854786	1	WORD	text	LAMB	9	NO_STIM
1441835857303	1	WORD	text	MUG	10	NO_STIM
1441835859903	1	WORD	text	TEA	11	NO_STIM
1441835861520	0	DISTRACT_START
1441835883541	0	DISTRACT_END
1441835884692	1	REC_START
1441835914704	1	REC_END
1441835915997	0	TRIAL	14	STIM_PARAMS	0
1441835915997	0	COUNTDOWN_START
1441835926425	0	COUNTDOWN_END
1441835926432	1	ORIENT
1441835928916	1	WORD	text	POLE	0	NO_STIM
1441835931400	1	WORD	text	HORSE	1	NO_STIM
1441835933950	1	WORD	text	BALL	2	NO_STIM
1441835936367	1	WORD	text	APE	3	NO_STIM
1441835938951	1	WORD	text	CORD	4	NO_STIM
1441835941535	1	WORD	text	MAP	5	NO_STIM
1441835944120	1	WORD	text	MAIL	6	NO_STIM
1441835946636	1	WORD	text	TOAD	7	NO_STIM
1441835949153	1	WORD	text	TEETH	8	NO_STIM
1441835951720	1	WORD	text	BEAR	9	NO_STIM
1441835954254	1	WORD	text	CAT	10	NO_STIM
1441835956771	1	WORD	text	JUDGE	11	NO_STIM
1441835958388	0	DISTRACT_START
1441835980259	0	DISTRACT_END
1441835981443	1	REC_START
1441836011455	1	REC_END
1441836018582	0	TRIAL	15	STIM_PARAMS	0
1441836018582	0	COUNTDOWN_START
1441836029010	0	COUNTDOWN_END
1441836029018	1	ORIENT
1441836031485	1	WORD	text	CLOCK	0	NO_STIM
1441836033902	1	WORD	text	SPOON	1	NO_STIM
1441836036485	1	WORD	text	SWORD	2	NO_STIM
1441836038869	1	WORD	text	VAN	3	NO_STIM
1441836041336	1	WORD	text	BOOK	4	NO_STIM
1441836043770	1	WORD	text	ROOM	5	NO_STIM
1441836046321	1	WORD	text	STREET	6	NO_STIM
1441836048888	1	WORD	text	BLUSH	7	NO_STIM
1441836051272	1	WORD	text	SOUP	8	NO_STIM
1441836053889	1	WORD	text	TRUCK	9	NO_STIM
1441836056289	1	WORD	text	GOAT	10	NO_STIM
1441836058740	1	WORD	text	CART	11	NO_STIM
1441836060357	0	DISTRACT_START
1441836083394	0	DISTRACT_END
1441836084462	1	REC_START
1441836114474	1	REC_END
1441836133420	0	TRIAL	16	STIM_PARAMS	0
1441836133420	0	COUNTDOWN_START
1441836143848	0	COUNTDOWN_END
1441836143855	1	ORIENT
1441836146472	1	WORD	text	RAIN	0	NO_STIM
1441836149040	1	WORD	text	SKI	1	NO_STIM
1441836151423	1	WORD	text	DRUM	2	NO_STIM
1441836153940	1	WORD	text	CAR	3	NO_STIM
1441836156341	1	WORD	text	CROWN	4	NO_STIM
1441836158774	1	WORD	text	STAIR	5	NO_STIM
1441836161242	1	WORD	text	KEY	6	NO_STIM
1441836163692	1	WORD	text	DOOR	7	NO_STIM
1441836166276	1	WORD	text	CHIEF	8	NO_STIM
1441836168843	1	WORD	text	WAVE	9	NO_STIM
1441836171227	1	WORD	text	TOY	10	NO_STIM
1441836173627	1	WORD	text	BLOOM	11	NO_STIM
1441836175244	0	DISTRACT_START
1441836199715	0	DISTRACT_END
1441836200783	1	REC_START
1441836230795	1	REC_END
1441836234305	0	TRIAL	17	STIM_PARAMS	0
1441836234305	0	COUNTDOWN_START
1441836244733	0	COUNTDOWN_END
1441836244740	1	ORIENT
1441836247290	1	WORD	text	ROPE	0	NO_STIM
1441836249808	1	WORD	text	DUCK	1	NO_STIM
1441836252225	1	WORD	text	SNAKE	2	NO_STIM
1441836254642	1	WORD	text	TENT	3	NO_STIM
1441836257093	1	WORD	text	MAZE	4	NO_STIM
1441836259559	1	WORD	text	HAWK	5	NO_STIM
1441836261960	1	WORD	text	WEED	6	NO_STIM
1441836264427	1	WORD	text	OWL	7	NO_STIM
1441836266860	1	WORD	text	DEER	8	NO_STIM
1441836269461	1	WORD	text	BROOM	9	NO_STIM
1441836271978	1	WORD	text	ROAD	10	NO_STIM
1441836274479	1	WORD	text	DOCK	11	NO_STIM
1441836276097	0	DISTRACT_START
1441836297283	0	DISTRACT_END
1441836298367	1	REC_START
1441836328379	1	REC_END
1441836329806	0	TRIAL	18	STIM_PARAMS	0
1441836329805	0	COUNTDOWN_START
1441836340233	0	COUNTDOWN_END
1441836340241	1	ORIENT
1441836342808	1	WORD	text	NEST	0	NO_STIM
1441836345242	1	WORD	text	CAKE	1	NO_STIM
1441836347809	1	WORD	text	CHEEK	2	NO_STIM
1441836350359	1	WORD	text	FACE	3	NO_STIM
1441836352793	1	WORD	text	FORK	4	NO_STIM
1441836355360	1	WORD	text	CUP	5	NO_STIM
1441836357927	1	WORD	text	MOOSE	6	NO_STIM
1441836360328	1	WORD	text	AXE	7	NO_STIM
1441836362728	1	WORD	text	TOAST	8	NO_STIM
1441836365195	1	WORD	text	HEN	9	NO_STIM
1441836367679	1	WORD	text	FRUIT	10	NO_STIM
1441836370081	1	WORD	text	PALM	11	NO_STIM
1441836371696	0	DISTRACT_START
1441836392068	0	DISTRACT_END
1441836393168	1	REC_START
1441836423180	1	REC_END
1441836424873	0	TRIAL	19	STIM_PARAMS	0
1441836424872	0	COUNTDOWN_START
1441836435300	0	COUNTDOWN_END
1441836435308	1	ORIENT
1441836437859	1	WORD	text	COW	0	NO_STIM
1441836440459	1	WORD	text	STAR	1	NO_STIM
1441836442876	1	WORD	text	HOUSE	2	NO_STIM
1441836445477	1	WORD	text	DRESS	3	NO_STIM
1441836448061	1	WORD	text	BRIDGE	4	NO_STIM
1441836450694	1	WORD	text	GATE	5	NO_STIM
1441836453228	1	WORD	text	STONE	6	NO_STIM
1441836455828	1	WORD	text	FOX	7	NO_STIM
1441836458229	1	WORD	text	TIE	8	NO_STIM
1441836460779	1	WORD	text	SKY	9	NO_STIM
1441836463213	1	WORD	text	PEA	10	NO_STIM
1441836465647	1	WORD	text	HILL	11	NO_STIM
1441836467264	0	DISTRACT_START
1441836488368	0	DISTRACT_END
1441836489519	1	REC_START
1441836519531	1	REC_END
1441836527492	0	TRIAL	20	STIM_PARAMS	0
1441836527491	0	COUNTDOWN_START
1441836537919	0	COUNTDOWN_END
1441836537927	1	ORIENT
1441836540477	1	WORD	text	SLEEVE	0	NO_STIM
1441836542961	1	WORD	text	DITCH	1	NO_STIM
1441836545478	1	WORD	text	VINE	2	NO_STIM
1441836547929	1	WORD	text	BUSH	3	NO_STIM
1441836550512	1	WORD	text	SNAIL	4	NO_STIM
1441836552879	1	WORD	text	WHEEL	5	NO_STIM
1441836555330	1	WORD	text	BIRD	6	NO_STIM
1441836557730	1	WORD	text	EAR	7	NO_STIM
1441836560164	1	WORD	text	SWAMP	8	NO_STIM
1441836562564	1	WORD	text	HOLE	9	NO_STIM
1441836565165	1	WORD	text	EEL	10	NO_STIM
1441836567716	1	WORD	text	CRANE	11	NO_STIM
1441836569332	0	DISTRACT_START
1441836590503	0	DISTRACT_END
1441836591620	2	REC_START
1441836621637	1	REC_END
1441836631977	0	TRIAL	21	STIM_PARAMS	0
1441836631977	0	COUNTDOWN_START
1441836642405	0	COUNTDOWN_END
1441836642412	1	ORIENT
1441836644913	1	WORD	text	GUARD	0	NO_STIM
1441836647463	1	WORD	text	FENCE	1	NO_STIM
1441836649847	1	WORD	text	DOLL	2	NO_STIM
1441836652448	1	WORD	text	BAT	3	NO_STIM
1441836655032	1	WORD	text	LEG	4	NO_STIM
1441836657648	1	WORD	text	HORN	5	NO_STIM
1441836660199	1	WORD	text	OAR	6	NO_STIM
1441836662582	1	WORD	text	FOOT	7	NO_STIM
1441836665183	1	WORD	text	BOY	8	NO_STIM
1441836667667	1	WORD	text	SOCK	9	NO_STIM
1441836670167	1	WORD	text	LOCK	10	NO_STIM
1441836672585	1	WORD	text	PEN	11	NO_STIM
1441836674202	0	DISTRACT_START
1441836697272	0	DISTRACT_END
1441836698440	1	REC_START
1441836728452	1	REC_END
1441836732179	0	TRIAL	22	STIM_PARAMS	0
1441836732179	0	COUNTDOWN_START
1441836742607	0	COUNTDOWN_END
1441836742614	1	ORIENT
1441836745032	1	WORD	text	NOSE	0	NO_STIM
1441836747615	1	WORD	text	TAIL	1	NO_STIM
1441836750232	1	WORD	text	PIT	2	NO_STIM
1441836752733	1	WORD	text	PRINCE	3	NO_STIM
1441836755250	1	WORD	text	MOUSE	4	NO_STIM
1441836757700	1	WORD	text	SHIELD	5	NO_STIM
1441836760267	1	WORD	text	ARM	6	NO_STIM
1441836762834	1	WORD	text	TOE	7	NO_STIM
1441836765385	1	WORD	text	WALL	8	NO_STIM
1441836767819	1	WORD	text	SPEAR	9	NO_STIM
1441836770336	1	WORD	text	HOOF	10	NO_STIM
1441836772736	1	WORD	text	LAWN	11	NO_STIM
1441836774353	0	DISTRACT_START
1441836797757	0	DISTRACT_END
1441836798858	1	REC_START
1441836828869	1	REC_END
1441836837915	0	TRIAL	23	STIM_PARAMS	0
1441836837915	0	COUNTDOWN_START
1441836848343	0	COUNTDOWN_END
1441836848350	1	ORIENT
1441836850950	1	WORD	text	TANK	0	NO_STIM
1441836853451	1	WORD	text	HOSE	1	NO_STIM
1441836856002	1	WORD	text	BOMB	2	NO_STIM
1441836858469	1	WORD	text	COIN	3	NO_STIM
1441836861020	1	WORD	text	PLANE	4	NO_STIM
1441836863553	1	WORD	text	BRICK	5	NO_STIM
1441836865970	1	WORD	text	PLATE	6	NO_STIM
1441836868587	1	WORD	text	SQUARE	7	NO_STIM
1441836871122	1	WORD	text	MOON	8	NO_STIM
1441836873671	1	WORD	text	SHEET	9	NO_STIM
1441836876139	1	WORD	text	ARK	10	NO_STIM
1441836878655	1	WORD	text	TRAIN	11	NO_STIM
1441836880272	0	DISTRACT_START
1441836900943	0	DISTRACT_END
1441836902045	1	REC_START
1441836932057	1	REC_END
1441836933516	0	TRIAL	24	STIM_PARAMS	0
1441836933515	0	COUNTDOWN_START
1441836943943	0	COUNTDOWN_END
1441836943951	1	ORIENT
1441836946434	1	WORD	text	MOUTH	0	NO_STIM
1441836948852	1	WORD	text	ROSE	1	NO_STIM
1441836951285	1	WORD	text	FLOOR	2	NO_STIM
1441836953852	1	WORD	text	PARK	3	NO_STIM
1441836956403	1	WORD	text	SHOE	4	NO_STIM
1441836958837	1	WORD	text	BOOT	5	NO_STIM
1441836961337	1	WORD	text	CLOWN	6	NO_STIM
1441836963838	1	WORD	text	SUIT	7	NO_STIM
1441836966421	1	WORD	text	CAPE	8	NO_STIM
1441836968805	1	WORD	text	JUICE	9	NO_STIM
1441836971289	1	WORD	text	WORLD	10	NO_STIM
1441836973890	1	WORD	text	BAG	11	NO_STIM
1441836975506	0	DISTRACT_START
1441836998777	0	DISTRACT_END
1441836999945	1	REC_START
1441837029957	1	REC_END
1441837032201	0	TRIAL	25	STIM_PARAMS	0
1441837032200	0	COUNTDOWN_START
1441837042628	0	COUNTDOWN_END
1441837042635	1	ORIENT
1441837045037	1	WORD	text	SEAT	0	NO_STIM
1441837047670	1	WORD	text	ROOF	1	NO_STIM
1441837050253	1	WORD	text	HAND	2	NO_STIM
1441837052737	1	WORD	text	BADGE	3	NO_STIM
1441837055321	1	WORD	text	DIME	4	NO_STIM
1441837057838	1	WORD	text	MAT	5	NO_STIM
1441837060422	1	WORD	text	STICK	6	NO_STIM
1441837063023	1	WORD	text	KITE	7	NO_STIM
1441837065456	1	WORD	text	SMILE	8	NO_STIM
1441837067990	1	WORD	text	SCHOOL	9	NO_STIM
1441837070574	1	WORD	text	CANE	10	NO_STIM
1441837073075	1	WORD	text	COUCH	11	NO_STIM
1441837074691	0	DISTRACT_START
1441837099812	0	DISTRACT_END
1441837101014	1	REC_START
1441837131031	1	REC_END
1441837211233	0	SESS_END
1441837211267	0	E	Logging Ends
