1441834530357	0	B	Logging Begins
1441834588107	0	START
1441834588123	1	PROB	'9 + 6 + 2 = '	'1'	0	4642	2
1441834592790	1	PROB	'6 + 3 + 8 = '	'19'	0	3391	2
1441834596207	1	PROB	'7 + 3 + 3 = '	'14'	0	2718	2
1441834598957	1	PROB	'1 + 7 + 2 = '	'10'	1	6480	2
1441834605459	1	PROB	'7 + 3 + 5 = '	'15'	1	2994	2
1441834608453	1	STOP
1441834691009	0	START
1441834691025	1	PROB	'7 + 6 + 6 = '	'23'	0	3428	2
1441834694475	1	PROB	'2 + 9 + 5 = '	'17'	0	3346	2
1441834697842	1	PROB	'1 + 7 + 5 = '	'13'	1	4475	2
1441834702343	1	PROB	'9 + 1 + 8 = '	'18'	1	2150	2
1441834704527	1	PROB	'5 + 6 + 9 = '	'24'	0	4662	2
1441834709211	1	PROB	'5 + 6 + 4 = '	'15'	1	2098	2
1441834711309	1	STOP
1441834786643	0	START
1441834786658	1	PROB	'2 + 4 + 3 = '	'7'	0	3211	2
1441834789892	1	PROB	'1 + 6 + 7 = '	'14'	1	2114	2
1441834792027	1	PROB	'6 + 3 + 7 = '	'16'	1	3043	2
1441834795094	1	PROB	'3 + 3 + 7 = '	'13'	1	2839	1
1441834797960	1	PROB	'9 + 2 + 6 = '	'17'	1	3213	2
1441834801194	1	PROB	'4 + 2 + 4 = '	'10'	1	4163	2
1441834805378	1	PROB	'9 + 4 + 7 = '	'20'	1	6363	2
1441834811741	1	STOP
1441834887261	0	START
1441834887277	1	PROB	'5 + 8 + 9 = '	'26'	0	6729	2
1441834894029	1	PROB	'3 + 7 + 7 = '	'19'	0	3584	2
1441834897645	1	PROB	'1 + 2 + 8 = '	'12'	0	2465	2
1441834900130	1	PROB	'4 + 5 + 1 = '	'10'	1	2675	2
1441834902829	1	PROB	'7 + 8 + 7 = '	'20'	0	4056	2
1441834906913	1	PROB	'1 + 6 + 7 = '	'14'	1	2101	2
1441834909014	1	STOP
1441834984096	0	START
1441834984112	1	PROB	'6 + 7 + 4 = '	'17'	1	3085	2
1441834987228	1	PROB	'1 + 8 + 3 = '	'12'	1	2081	2
1441834989345	1	PROB	'2 + 1 + 6 = '	'9'	1	2669	2
1441834992047	1	PROB	'1 + 2 + 5 = '	'8'	1	2566	2
1441834994646	1	PROB	'4 + 9 + 7 = '	'18'	0	5007	2
1441834999680	1	PROB	'7 + 1 + 8 = '	'15'	0	2301	2
1441835002015	1	PROB	'3 + 6 + 5 = '	'14'	1	3095	2
1441835005110	1	STOP
1441835079929	0	START
1441835079945	1	PROB	'9 + 1 + 2 = '	'12'	1	3292	2
1441835083262	1	PROB	'8 + 3 + 7 = '	'19'	0	5983	2
1441835089280	1	PROB	'4 + 4 + 2 = '	'10'	1	4565	2
1441835093881	1	PROB	'4 + 4 + 1 = '	'9'	1	1948	3
1441835095864	1	PROB	'4 + 1 + 3 = '	'8'	1	3270	2
1441835099165	1	PROB	'5 + 6 + 1 = '	'12'	1	3144	2
1441835102309	1	STOP
1441835177864	0	START
1441835177879	1	PROB	'5 + 3 + 9 = '	'18'	0	4454	2
1441835182363	1	PROB	'5 + 8 + 4 = '	'17'	1	4370	2
1441835186764	1	PROB	'9 + 6 + 3 = '	'18'	1	3529	2
1441835190315	1	PROB	'2 + 8 + 3 = '	'13'	1	3402	2
1441835193749	1	PROB	'7 + 4 + 7 = '	'18'	1	5680	2
1441835199429	1	STOP
1441835274698	0	START
1441835274714	1	PROB	'9 + 4 + 9 = '	'22'	1	3923	2
1441835278664	1	PROB	'2 + 3 + 7 = '	'12'	1	2261	2
1441835280948	1	PROB	'8 + 4 + 2 = '	'14'	1	5066	2
1441835286050	1	PROB	'3 + 2 + 1 = '	'6'	1	2988	2
1441835289067	1	PROB	'2 + 4 + 2 = '	'8'	1	2979	2
1441835292068	1	PROB	'8 + 6 + 4 = '	'18'	1	2649	2
1441835294717	1	STOP
1441835369482	0	START
1441835369497	1	PROB	'6 + 3 + 3 = '	'15'	0	3236	2
1441835372765	1	PROB	'6 + 3 + 5 = '	'15'	0	6472	2
1441835379266	1	PROB	'3 + 5 + 4 = '	'12'	1	2707	2
1441835382001	1	PROB	'5 + 6 + 5 = '	'26'	0	5804	2
1441835387834	1	PROB	'2 + 1 + 7 = '	'9'	0	5155	2
1441835392989	1	STOP
1441835469883	0	START
1441835469899	1	PROB	'6 + 8 + 2 = '	'16'	1	2954	2
1441835472883	1	PROB	'8 + 4 + 8 = '	'20'	1	5171	2
1441835478085	1	PROB	'4 + 1 + 3 = '	'8'	1	3464	2
1441835481585	1	PROB	'7 + 6 + 9 = '	'22'	1	7052	2
1441835488669	1	PROB	'6 + 9 + 3 = '	'18'	1	5056	2
1441835493725	1	STOP
1441835568585	0	START
1441835568600	1	PROB	'1 + 4 + 2 = '	'7'	1	3357	2
1441835571984	1	PROB	'2 + 9 + 6 = '	'17'	1	3901	2
1441835575918	1	PROB	'9 + 5 + 6 = '	'20'	1	4200	2
1441835580152	1	PROB	'8 + 6 + 3 = '	'17'	1	3245	2
1441835583420	1	PROB	'8 + 7 + 9 = '	'24'	1	6169	2
1441835589589	1	STOP
1441835667469	0	START
1441835667485	1	PROB	'3 + 7 + 3 = '	'14'	0	3649	2
1441835671169	1	PROB	'6 + 8 + 7 = '	'21'	1	4732	2
1441835675937	1	PROB	'3 + 3 + 6 = '	'15'	0	4157	2
1441835680122	1	PROB	'6 + 8 + 4 = '	'18'	1	5163	2
1441835685322	1	PROB	'9 + 4 + 7 = '	'19'	0	3443	2
1441835688765	1	STOP
1441835763087	0	START
1441835763103	1	PROB	'5 + 1 + 1 = '	'7'	1	2606	2
1441835765736	1	PROB	'8 + 4 + 6 = '	'18'	1	2189	2
1441835767953	1	PROB	'3 + 5 + 4 = '	'12'	1	6028	2
1441835774005	1	PROB	'7 + 4 + 3 = '	'14'	1	3232	2
1441835777272	1	PROB	'2 + 8 + 1 = '	'10'	0	4565	2
1441835781872	1	PROB	'4 + 2 + 1 = '	'7'	1	4661	2
1441835786533	1	STOP
1441835861521	0	START
1441835861537	1	PROB	'8 + 8 + 6 = '	'24'	0	5252	2
1441835866821	1	PROB	'2 + 2 + 8 = '	'12'	1	3456	2
1441835870305	1	PROB	'5 + 9 + 3 = '	'18'	0	2829	2
1441835873156	1	PROB	'9 + 2 + 6 = '	'17'	1	3425	2
1441835876606	1	PROB	'6 + 2 + 4 = '	'12'	1	2119	2
1441835878757	1	PROB	'2 + 3 + 7 = '	'11'	0	4768	2
1441835883525	1	STOP
1441835958389	0	START
1441835958405	1	PROB	'7 + 9 + 3 = '	'19'	1	3617	2
1441835962056	1	PROB	'9 + 6 + 3 = '	'18'	1	2998	1
1441835965090	1	PROB	'6 + 9 + 4 = '	'19'	1	3715	2
1441835968840	1	PROB	'7 + 1 + 1 = '	'9'	1	2214	2
1441835971075	1	PROB	'8 + 2 + 6 = '	'16'	1	2626	2
1441835973724	1	PROB	'1 + 2 + 1 = '	'3'	0	2433	2
1441835976191	1	PROB	'3 + 2 + 5 = '	'10'	1	4054	2
1441835980245	1	STOP
1441836060357	0	START
1441836060373	1	PROB	'5 + 7 + 2 = '	'14'	1	2816	2
1441836063224	1	PROB	'3 + 7 + 5 = '	'16'	0	3157	2
1441836066408	1	PROB	'3 + 9 + 5 = '	'17'	1	4301	2
1441836070742	1	PROB	'4 + 8 + 8 = '	'22'	0	5911	2
1441836076676	1	PROB	'4 + 8 + 6 = '	'18'	1	3241	2
1441836079943	1	PROB	'2 + 1 + 7 = '	'10'	1	3438	2
1441836083381	1	STOP
1441836175245	0	START
1441836175261	1	PROB	'9 + 5 + 4 = '	'18'	1	2944	2
1441836178228	1	PROB	'3 + 2 + 2 = '	'7'	1	4057	2
1441836182312	1	PROB	'5 + 8 + 2 = '	'15'	1	3381	2
1441836185729	1	PROB	'2 + 4 + 9 = '	'15'	1	5333	2
1441836191098	1	PROB	'7 + 8 + 4 = '	'20'	0	8611	2
1441836199709	1	STOP
1441836276098	0	START
1441836276113	1	PROB	'3 + 7 + 3 = '	'13'	1	3140	2
1441836279280	1	PROB	'6 + 8 + 3 = '	'17'	1	4774	2
1441836284082	1	PROB	'9 + 5 + 3 = '	'17'	1	3755	2
1441836287865	1	PROB	'6 + 1 + 5 = '	'12'	1	2516	2
1441836290415	1	PROB	'2 + 7 + 4 = '	'12'	0	3182	2
1441836293632	1	PROB	'3 + 5 + 8 = '	'17'	0	3645	2
1441836297277	1	STOP
1441836371697	0	START
1441836371713	1	PROB	'7 + 7 + 6 = '	'20'	1	3652	2
1441836375397	1	PROB	'6 + 4 + 4 = '	'14'	1	4944	2
1441836380365	1	PROB	'5 + 5 + 3 = '	'13'	1	1769	2
1441836382165	1	PROB	'6 + 2 + 1 = '	'9'	1	2040	2
1441836384232	1	PROB	'3 + 9 + 7 = '	'19'	1	3101	2
1441836387366	1	PROB	'8 + 6 + 2 = '	'16'	1	2263	2
1441836389650	1	PROB	'9 + 6 + 4 = '	'19'	1	2404	2
1441836392054	1	STOP
1441836467265	0	START
1441836467281	1	PROB	'9 + 4 + 6 = '	'19'	1	2916	2
1441836470231	1	PROB	'2 + 3 + 2 = '	'7'	1	4486	2
1441836474749	1	PROB	'3 + 2 + 7 = '	'12'	1	3800	2
1441836478583	1	PROB	'2 + 6 + 2 = '	'10'	1	2278	2
1441836480900	1	PROB	'9 + 2 + 1 = '	'12'	1	1641	2
1441836482567	1	PROB	'4 + 4 + 8 = '	'16'	1	2894	2
1441836485484	1	PROB	'5 + 9 + 4 = '	'18'	1	2873	2
1441836488357	1	STOP
1441836569333	0	START
1441836569349	1	PROB	'6 + 8 + 4 = '	'18'	1	3328	2
1441836572700	1	PROB	'2 + 1 + 8 = '	'11'	1	3354	2
1441836576085	1	PROB	'8 + 3 + 3 = '	'14'	1	1888	2
1441836578002	1	PROB	'7 + 4 + 6 = '	'17'	1	2307	2
1441836580335	1	PROB	'3 + 7 + 8 = '	'18'	1	2735	2
1441836583103	1	PROB	'5 + 5 + 6 = '	'16'	1	2070	2
1441836585202	1	PROB	'9 + 8 + 8 = '	'21'	0	2347	2
1441836587586	1	PROB	'4 + 1 + 8 = '	'13'	1	2899	2
1441836590485	1	STOP
1441836674203	0	START
1441836674218	1	PROB	'2 + 9 + 9 = '	'20'	1	3820	2
1441836678070	1	PROB	'4 + 8 + 2 = '	'14'	1	2911	2
1441836681004	1	PROB	'6 + 3 + 8 = '	'17'	1	2641	2
1441836683670	1	PROB	'5 + 7 + 3 = '	'15'	1	5279	2
1441836688971	1	PROB	'9 + 8 + 9 = '	'23'	0	4186	2
1441836693188	1	PROB	'6 + 1 + 3 = '	'10'	1	4081	2
1441836697269	1	STOP
1441836774354	0	START
1441836774370	1	PROB	'3 + 2 + 3 = '	'8'	1	3499	2
1441836777904	1	PROB	'4 + 9 + 4 = '	'18'	0	3118	2
1441836781055	1	PROB	'7 + 7 + 8 = '	'20'	0	4182	2
1441836785272	1	PROB	'4 + 4 + 4 = '	'12'	1	2029	2
1441836787322	1	PROB	'9 + 2 + 2 = '	'13'	1	2555	2
1441836789906	1	PROB	'8 + 6 + 7 = '	'25'	0	3371	2
1441836793307	1	PROB	'8 + 8 + 2 = '	'18'	1	4434	2
1441836797741	1	STOP
1441836880273	0	START
1441836880289	1	PROB	'9 + 7 + 3 = '	'19'	1	3388	2
1441836883706	1	PROB	'1 + 1 + 6 = '	'8'	1	1939	2
1441836885673	1	PROB	'9 + 6 + 3 = '	'18'	1	2628	2
1441836888324	1	PROB	'3 + 6 + 9 = '	'18'	1	2985	2
1441836891341	1	PROB	'3 + 1 + 2 = '	'6'	1	2552	2
1441836893925	1	PROB	'4 + 9 + 6 = '	'19'	1	2552	2
1441836896509	1	PROB	'5 + 3 + 9 = '	'18'	0	4416	2
1441836900925	1	STOP
1441836975507	0	START
1441836975523	1	PROB	'8 + 6 + 6 = '	'20'	1	6354	2
1441836981908	1	PROB	'1 + 9 + 6 = '	'16'	1	2385	2
1441836984325	1	PROB	'8 + 9 + 8 = '	'25'	1	9048	2
1441836993410	1	PROB	'7 + 2 + 8 = '	'17'	1	5347	2
1441836998757	1	STOP
1441837074692	0	START
1441837074708	1	PROB	'5 + 7 + 2 = '	'14'	1	3713	2
1441837078442	1	PROB	'1 + 2 + 4 = '	'7'	1	3499	2
1441837081976	1	PROB	'6 + 5 + 7 = '	'18'	1	4070	2
1441837086078	1	PROB	'9 + 5 + 7 = '	'23'	0	8175	2
1441837094278	1	PROB	'9 + 6 + 8 = '	'23'	1	5519	2
1441837099797	1	STOP
1441837211268	0	E	Logging Ends
