1441384669639	0	B	Logging Begins
1441384914788	0	START
1441384914805	1	PROB	'2 + 8 + 6 = '	'16'	1	4697	2
1441384919522	1	PROB	'3 + 5 + 5 = '	'13'	1	2444	2
1441384921989	1	PROB	'1 + 7 + 7 = '	'15'	1	2448	2
1441384924473	1	PROB	'8 + 1 + 5 = '	'14'	1	2437	2
1441384926940	1	PROB	'5 + 6 + 6 = '	'18'	0	3219	1
1441384930192	1	PROB	'3 + 4 + 7 = '	'14'	1	3975	1
1441384934193	1	PROB	'9 + 2 + 1 = '	'12'	1	2436	2
1441384936629	1	STOP
1441385100073	0	START
1441385100089	1	PROB	'5 + 6 + 8 = '	'19'	1	4142	2
1441385104257	1	PROB	'9 + 2 + 1 = '	'12'	1	2157	2
1441385106439	1	PROB	'1 + 3 + 3 = '	'7'	1	1904	2
1441385108374	1	PROB	'7 + 7 + 4 = '	'18'	1	2384	1
1441385110790	1	PROB	'1 + 3 + 2 = '	'6'	1	2192	1
1441385113008	1	PROB	'8 + 7 + 8 = '	'22'	0	2239	1
1441385115275	1	PROB	'1 + 7 + 5 = '	'13'	1	2964	2
1441385118259	1	PROB	'2 + 6 + 3 = '	'9'	0	2988	2
1441385121247	1	STOP
1441385197074	0	START
1441385197090	1	PROB	'6 + 3 + 5 = '	'14'	1	4181	2
1441385201308	1	PROB	'2 + 6 + 7 = '	'16'	0	4906	2
1441385206242	1	PROB	'7 + 9 + 6 = '	'28'	0	10108	2
1441385216377	1	PROB	'6 + 4 + 3 = '	'13'	1	1854	2
1441385218231	1	STOP
1441385294425	0	START
1441385294440	1	PROB	'3 + 1 + 8 = '	'12'	1	2911	1
1441385297375	1	PROB	'2 + 4 + 4 = '	'10'	1	5351	2
1441385302758	1	PROB	'8 + 5 + 5 = '	'18'	1	2087	2
1441385304876	1	PROB	'4 + 1 + 5 = '	'10'	1	2243	2
1441385307144	1	PROB	'5 + 9 + 5 = '	'19'	1	2095	1
1441385309261	1	PROB	'6 + 6 + 1 = '	'13'	1	3145	2
1441385312427	1	PROB	'7 + 4 + 6 = '	'17'	1	3331	1
1441385315758	0	STOP
1441385392326	0	START
1441385392342	1	PROB	'4 + 3 + 8 = '	'13'	0	3793	2
1441385396160	1	PROB	'7 + 1 + 2 = '	'9'	0	4429	2
1441385400610	1	PROB	'8 + 5 + 6 = '	'19'	1	4477	2
1441385405111	1	PROB	'1 + 6 + 9 = '	'16'	1	2439	2
1441385407577	1	PROB	'6 + 6 + 6 = '	'18'	1	2798	2
1441385410395	1	PROB	'3 + 7 + 6 = '	'16'	1	3051	1
1441385413446	0	STOP
1441385492044	0	START
1441385492060	1	PROB	'5 + 1 + 6 = '	'11'	0	4107	2
1441385496195	1	PROB	'7 + 8 + 5 = '	'19'	0	19156	1
1441385515351	0	STOP
1441385590628	0	START
1441385590644	1	PROB	'5 + 8 + 5 = '	'18'	1	4018	1
1441385594695	1	PROB	'7 + 5 + 9 = '	'23'	0	5887	2
1441385600612	1	PROB	'3 + 1 + 2 = '	'6'	1	3427	2
1441385604064	1	PROB	'3 + 3 + 2 = '	'8'	1	2886	2
1441385606980	1	PROB	'8 + 1 + 9 = '	'18'	1	3713	2
1441385610693	1	STOP
1441385688646	0	START
1441385688662	1	PROB	'6 + 4 + 5 = '	'15'	1	5176	2
1441385693863	1	PROB	'4 + 6 + 7 = '	'17'	1	3256	2
1441385697148	1	PROB	'8 + 7 + 6 = '	'22'	0	7075	1
1441385704249	1	PROB	'2 + 1 + 5 = '	'8'	1	3005	2
1441385707283	1	PROB	'6 + 3 + 9 = '	'18'	1	4651	2
1441385711934	1	STOP
1441385790781	0	START
1441385790797	1	PROB	'3 + 8 + 1 = '	'11'	0	2912	2
1441385793731	1	PROB	'6 + 8 + 6 = '	'20'	1	5691	1
1441385799449	1	PROB	'4 + 1 + 7 = '	'12'	1	6702	2
1441385806184	1	PROB	'2 + 5 + 7 = '	'14'	1	3302	2
1441385809517	1	PROB	'7 + 5 + 7 = '	'19'	1	3553	2
1441385813070	1	STOP
1441385896252	0	START
1441385896267	1	PROB	'6 + 9 + 2 = '	'17'	1	4235	1
1441385900534	1	PROB	'8 + 4 + 4 = '	'16'	1	3279	2
1441385903834	1	PROB	'8 + 7 + 4 = '	'19'	1	3389	2
1441385907253	1	PROB	'5 + 2 + 6 = '	'13'	1	3129	2
1441385910402	1	PROB	'6 + 6 + 5 = '	'18'	0	3836	2
1441385914271	1	PROB	'3 + 6 + 4 = '	'13'	1	2167	2
1441385916438	1	STOP
1441385991835	0	START
1441385991850	1	PROB	'8 + 7 + 8 = '	'25'	0	7067	2
1441385998952	1	PROB	'2 + 2 + 8 = '	'12'	1	3094	2
1441386002070	1	PROB	'3 + 1 + 9 = '	'13'	1	2880	1
1441386004969	1	PROB	'1 + 8 + 5 = '	'14'	1	3821	2
1441386008820	1	PROB	'1 + 2 + 3 = '	'6'	1	2873	2
1441386011721	1	PROB	'3 + 5 + 7 = '	'1'	0	3661	2
1441386015382	1	STOP
1441386101454	0	START
1441386101470	1	PROB	'4 + 4 + 6 = '	'14'	1	3921	1
1441386105421	1	PROB	'5 + 7 + 5 = '	'17'	1	3977	2
1441386109422	1	PROB	'7 + 9 + 4 = '	'17'	0	5167	2
1441386114623	1	PROB	'6 + 1 + 5 = '	'12'	1	2656	2
1441386117307	1	PROB	'6 + 6 + 4 = '	'16'	1	2666	2
1441386120008	1	PROB	'8 + 4 + 6 = '	'18'	1	2462	2
1441386122470	1	STOP
1441386294107	0	START
1441386294123	1	PROB	'6 + 8 + 5 = '	'19'	1	4419	1
1441386298573	1	PROB	'9 + 7 + 6 = '	'22'	1	5897	1
1441386304490	1	PROB	'6 + 4 + 9 = '	'19'	1	2773	1
1441386307292	1	PROB	'3 + 2 + 1 = '	'6'	1	2755	1
1441386310076	1	PROB	'5 + 1 + 3 = '	'9'	1	2362	1
1441386312459	1	PROB	'6 + 6 + 8 = '	'20'	1	3179	2
1441386315638	1	STOP
1441386393841	0	START
1441386393857	1	PROB	'9 + 2 + 1 = '	'13'	0	3541	2
1441386397424	1	PROB	'2 + 1 + 7 = '	'10'	1	6142	2
1441386403592	1	PROB	'9 + 3 + 9 = '	'21'	1	3406	2
1441386407027	1	PROB	'8 + 1 + 8 = '	'17'	1	3947	2
1441386411011	1	PROB	'1 + 6 + 5 = '	'12'	1	2284	2
1441386413328	1	PROB	'8 + 5 + 6 = '	'12'	0	3719	2
1441386417047	1	STOP
1441386496160	0	START
1441386496176	1	PROB	'9 + 2 + 1 = '	'12'	1	3341	2
1441386499543	1	PROB	'8 + 9 + 9 = '	'32'	0	3447	1
1441386503011	1	PROB	'1 + 4 + 2 = '	'7'	1	2100	2
1441386505145	1	PROB	'5 + 8 + 8 = '	'25'	0	6717	1
1441386511895	1	PROB	'6 + 1 + 1 = '	'8'	1	1823	2
1441386513745	1	PROB	'7 + 8 + 3 = '	'18'	1	3558	1
1441386517303	0	STOP
1441386592760	0	START
1441386592776	1	PROB	'7 + 4 + 9 = '	'20'	1	6909	2
1441386599711	1	PROB	'9 + 3 + 1 = '	'13'	1	2222	2
1441386601961	1	PROB	'8 + 7 + 4 = '	'20'	0	4294	1
1441386606280	1	PROB	'7 + 3 + 8 = '	'18'	1	2847	2
1441386609147	1	PROB	'1 + 7 + 1 = '	'9'	1	2379	1
1441386611546	1	PROB	'3 + 5 + 5 = '	'13'	1	1988	2
1441386613534	1	STOP
1441384668392	0	E	Logging Ends
