1441384669639	0	B	Logging Begins
1441384669773	0	SESS_START	2	NONSTIM_SESSION	v_1.05
1441384871148	0	COUNTDOWN_START
1441384881576	0	COUNTDOWN_END
1441384885433	1	PRACTICE_WORD	RING
1441384888018	1	PRACTICE_WORD	WAGON
1441384890567	1	PRACTICE_WORD	FLOOD
1441384892984	1	PRACTICE_WORD	IRON
1441384895585	1	PRACTICE_WORD	CAMEL
1441384898186	1	PRACTICE_WORD	RHINO
1441384900719	1	PRACTICE_WORD	ATTIC
1441384903187	1	PRACTICE_WORD	COTTON
1441384905586	1	PRACTICE_WORD	BEAM
1441384908088	1	PRACTICE_WORD	WATCH
1441384910604	1	PRACTICE_WORD	TONGUE
1441384913172	1	PRACTICE_WORD	CHEST
1441384914788	0	PRACTICE_DISTRACT_START
1441384936642	0	PRACTICE_DISTRACT_END
1441384937262	1	PRACTICE_REC_START
1441384967776	1	PRACTICE_REC_END
1441385057864	0	TRIAL	1	STIM_PARAMS	0
1441385057864	0	COUNTDOWN_START
1441385068292	0	COUNTDOWN_END
1441385068300	1	ORIENT
1441385070900	1	WORD	text	SWAMP	0	NO_STIM
1441385073351	1	WORD	text	TRASH	1	NO_STIM
1441385075884	1	WORD	text	JAR	2	NO_STIM
1441385078401	1	WORD	text	DITCH	3	NO_STIM
1441385080835	1	WORD	text	ROSE	4	NO_STIM
1441385083452	1	WORD	text	PIT	5	NO_STIM
1441385085986	1	WORD	text	PARK	6	NO_STIM
1441385088519	1	WORD	text	FLUTE	7	NO_STIM
1441385090887	1	WORD	text	BREAD	8	NO_STIM
1441385093487	1	WORD	text	PIE	9	NO_STIM
1441385096055	1	WORD	text	CAKE	10	NO_STIM
1441385098471	1	WORD	text	FENCE	11	NO_STIM
1441385100072	0	DISTRACT_START
1441385121260	0	DISTRACT_END
1441385122431	1	REC_START
1441385152437	1	REC_END
1441385154932	0	TRIAL	2	STIM_PARAMS	0
1441385154932	0	COUNTDOWN_START
1441385165360	0	COUNTDOWN_END
1441385165368	1	ORIENT
1441385167917	1	WORD	text	NOSE	0	NO_STIM
1441385170468	1	WORD	text	MAZE	1	NO_STIM
1441385173086	1	WORD	text	BUSH	2	NO_STIM
1441385175602	1	WORD	text	WEED	3	NO_STIM
1441385178187	1	WORD	text	SWORD	4	NO_STIM
1441385180720	1	WORD	text	SQUARE	5	NO_STIM
1441385183104	1	WORD	text	LAND	6	NO_STIM
1441385185721	1	WORD	text	HILL	7	NO_STIM
1441385188122	1	WORD	text	CLIFF	8	NO_STIM
1441385190571	1	WORD	text	BOY	9	NO_STIM
1441385193006	1	WORD	text	LAKE	10	NO_STIM
1441385195456	1	WORD	text	ROCK	11	NO_STIM
1441385197073	0	DISTRACT_START
1441385218244	0	DISTRACT_END
1441385219328	1	REC_START
1441385249342	1	REC_END
1441385251983	0	TRIAL	3	STIM_PARAMS	0
1441385251983	0	COUNTDOWN_START
1441385262411	0	COUNTDOWN_END
1441385262418	1	ORIENT
1441385265003	1	WORD	text	FLEA	0	NO_STIM
1441385267485	1	WORD	text	SNAKE	1	NO_STIM
1441385270020	1	WORD	text	HAWK	2	NO_STIM
1441385272470	1	WORD	text	BEE	3	NO_STIM
1441385274903	1	WORD	text	FORK	4	NO_STIM
1441385277521	1	WORD	text	BRICK	5	NO_STIM
1441385280139	1	WORD	text	SHELL	6	NO_STIM
1441385282705	1	WORD	text	SPONGE	7	NO_STIM
1441385285240	1	WORD	text	CLAY	8	NO_STIM
1441385287689	1	WORD	text	STONE	9	NO_STIM
1441385290307	1	WORD	text	CUBE	10	NO_STIM
1441385292807	1	WORD	text	PEACH	11	NO_STIM
1441385294424	0	DISTRACT_START
1441385315777	0	DISTRACT_END
1441385316812	1	REC_START
1441385346822	1	REC_END
1441385350252	0	TRIAL	4	STIM_PARAMS	0
1441385350251	0	COUNTDOWN_START
1441385360679	0	COUNTDOWN_END
1441385360686	1	ORIENT
1441385363087	1	WORD	text	JET	0	NO_STIM
1441385365486	1	WORD	text	PLANE	1	NO_STIM
1441385368021	1	WORD	text	OAR	2	NO_STIM
1441385370621	1	WORD	text	SHEET	3	NO_STIM
1441385373022	1	WORD	text	TRAIN	4	NO_STIM
1441385375522	1	WORD	text	PEARL	5	NO_STIM
1441385378106	1	WORD	text	BANK	6	NO_STIM
1441385380689	1	WORD	text	STEAM	7	NO_STIM
1441385383241	1	WORD	text	STORE	8	NO_STIM
1441385385790	1	WORD	text	MAIL	9	NO_STIM
1441385388175	1	WORD	text	CASH	10	NO_STIM
1441385390724	1	WORD	text	SCHOOL	11	NO_STIM
1441385392325	0	DISTRACT_START
1441385413462	0	DISTRACT_END
1441385414563	1	REC_START
1441385444573	1	REC_END
1441385450103	0	TRIAL	5	STIM_PARAMS	0
1441385450103	0	COUNTDOWN_START
1441385460531	0	COUNTDOWN_END
1441385460537	1	ORIENT
1441385462921	1	WORD	text	VEST	0	NO_STIM
1441385465372	1	WORD	text	CANE	1	NO_STIM
1441385467822	1	WORD	text	DRESS	2	NO_STIM
1441385470290	1	WORD	text	BLUSH	3	NO_STIM
1441385472789	1	WORD	text	BLOOM	4	NO_STIM
1441385475224	1	WORD	text	LIP	5	NO_STIM
1441385477773	1	WORD	text	AXE	6	NO_STIM
1441385480242	1	WORD	text	TIE	7	NO_STIM
1441385482841	1	WORD	text	SOCK	8	NO_STIM
1441385485425	1	WORD	text	POND	9	NO_STIM
1441385487925	1	WORD	text	HAND	10	NO_STIM
1441385490442	1	WORD	text	VASE	11	NO_STIM
1441385492044	0	DISTRACT_START
1441385515365	0	DISTRACT_END
1441385516464	1	REC_START
1441385546478	1	REC_END
1441385548603	0	TRIAL	6	STIM_PARAMS	0
1441385548603	0	COUNTDOWN_START
1441385559031	0	COUNTDOWN_END
1441385559039	1	ORIENT
1441385561572	1	WORD	text	RAKE	0	NO_STIM
1441385564040	1	WORD	text	EAR	1	NO_STIM
1441385566556	1	WORD	text	HOLE	2	NO_STIM
1441385568957	1	WORD	text	LEG	3	NO_STIM
1441385571491	1	WORD	text	CORD	4	NO_STIM
1441385573958	1	WORD	text	YARD	5	NO_STIM
1441385576408	1	WORD	text	COUCH	6	NO_STIM
1441385578942	1	WORD	text	ROPE	7	NO_STIM
1441385581559	1	WORD	text	TAIL	8	NO_STIM
1441385584061	1	WORD	text	LAWN	9	NO_STIM
1441385586510	1	WORD	text	BAND	10	NO_STIM
1441385589011	1	WORD	text	DART	11	NO_STIM
1441385590627	0	DISTRACT_START
1441385610697	0	DISTRACT_END
1441385611849	1	REC_START
1441385641860	1	REC_END
1441385646938	0	TRIAL	7	STIM_PARAMS	0
1441385646938	0	COUNTDOWN_START
1441385657366	0	COUNTDOWN_END
1441385657374	1	ORIENT
1441385659790	1	WORD	text	TENT	0	NO_STIM
1441385662275	1	WORD	text	SEA	1	NO_STIM
1441385664791	1	WORD	text	TOY	2	NO_STIM
1441385667276	1	WORD	text	HORN	3	NO_STIM
1441385669825	1	WORD	text	OAK	4	NO_STIM
1441385672227	1	WORD	text	BEACH	5	NO_STIM
1441385674659	1	WORD	text	ROOF	6	NO_STIM
1441385677027	1	WORD	text	WAVE	7	NO_STIM
1441385679477	1	WORD	text	BOAT	8	NO_STIM
1441385681927	1	WORD	text	CAVE	9	NO_STIM
1441385684528	1	WORD	text	SKY	10	NO_STIM
1441385687029	1	WORD	text	BRUSH	11	NO_STIM
1441385688645	0	DISTRACT_START
1441385711949	0	DISTRACT_END
1441385712984	1	REC_START
1441385742994	1	REC_END
1441385748806	0	TRIAL	8	STIM_PARAMS	0
1441385748806	0	COUNTDOWN_START
1441385759234	0	COUNTDOWN_END
1441385759242	1	ORIENT
1441385761692	1	WORD	text	WOLF	0	NO_STIM
1441385764293	1	WORD	text	SPOON	1	NO_STIM
1441385766793	1	WORD	text	FOOD	2	NO_STIM
1441385769178	1	WORD	text	KITE	3	NO_STIM
1441385771594	1	WORD	text	PIG	4	NO_STIM
1441385774078	1	WORD	text	WOOD	5	NO_STIM
1441385776561	1	WORD	text	PET	6	NO_STIM
1441385779096	1	WORD	text	BRANCH	7	NO_STIM
1441385781512	1	WORD	text	BEAR	8	NO_STIM
1441385784030	1	WORD	text	FRUIT	9	NO_STIM
1441385786596	1	WORD	text	TREE	10	NO_STIM
1441385789164	1	WORD	text	CHIEF	11	NO_STIM
1441385790780	0	DISTRACT_START
1441385813085	0	DISTRACT_END
1441385814287	1	REC_START
1441385844297	1	REC_END
1441385854509	0	TRIAL	9	STIM_PARAMS	0
1441385854509	0	COUNTDOWN_START
1441385864937	0	COUNTDOWN_END
1441385864944	1	ORIENT
1441385867461	1	WORD	text	GOLD	0	NO_STIM
1441385869845	1	WORD	text	SHEEP	1	NO_STIM
1441385872379	1	WORD	text	CAPE	2	NO_STIM
1441385874796	1	WORD	text	MOOSE	3	NO_STIM
1441385877231	1	WORD	text	TOOTH	4	NO_STIM
1441385879680	1	WORD	text	TEETH	5	NO_STIM
1441385882048	1	WORD	text	SAIL	6	NO_STIM
1441385884531	1	WORD	text	FOX	7	NO_STIM
1441385886981	1	WORD	text	LEAF	8	NO_STIM
1441385889515	1	WORD	text	ANT	9	NO_STIM
1441385892117	1	WORD	text	STEM	10	NO_STIM
1441385894633	1	WORD	text	MOUSE	11	NO_STIM
1441385896251	0	DISTRACT_START
1441385916453	0	DISTRACT_END
1441385917504	1	REC_START
1441385947514	1	REC_END
1441385949993	0	TRIAL	10	STIM_PARAMS	0
1441385949993	0	COUNTDOWN_START
1441385960421	0	COUNTDOWN_END
1441385960428	1	ORIENT
1441385962812	1	WORD	text	BOOK	0	NO_STIM
1441385965297	1	WORD	text	WHEEL	1	NO_STIM
1441385967796	1	WORD	text	CLOCK	2	NO_STIM
1441385970214	1	WORD	text	TOOL	3	NO_STIM
1441385972764	1	WORD	text	MOLE	4	NO_STIM
1441385975348	1	WORD	text	RAT	5	NO_STIM
1441385977798	1	WORD	text	FUDGE	6	NO_STIM
1441385980232	1	WORD	text	GLASS	7	NO_STIM
1441385982832	1	WORD	text	CLOWN	8	NO_STIM
1441385985267	1	WORD	text	LAMP	9	NO_STIM
1441385987650	1	WORD	text	JEEP	10	NO_STIM
1441385990218	1	WORD	text	TRAY	11	NO_STIM
1441385991834	0	DISTRACT_START
1441386015389	0	DISTRACT_END
1441386016455	1	REC_START
1441386046468	1	REC_END
1441386059097	0	TRIAL	11	STIM_PARAMS	0
1441386059097	0	COUNTDOWN_START
1441386069525	0	COUNTDOWN_END
1441386069531	1	ORIENT
1441386072016	1	WORD	text	CORN	0	NO_STIM
1441386074632	1	WORD	text	STRAW	1	NO_STIM
1441386077133	1	WORD	text	STEAK	2	NO_STIM
1441386079683	1	WORD	text	STOVE	3	NO_STIM
1441386082068	1	WORD	text	COW	4	NO_STIM
1441386084634	1	WORD	text	PANTS	5	NO_STIM
1441386087069	1	WORD	text	BARN	6	NO_STIM
1441386089635	1	WORD	text	PURSE	7	NO_STIM
1441386092203	1	WORD	text	SEAT	8	NO_STIM
1441386094702	1	WORD	text	GUARD	9	NO_STIM
1441386097270	1	WORD	text	PEN	10	NO_STIM
1441386099837	1	WORD	text	RIB	11	NO_STIM
1441386101454	0	DISTRACT_START
1441386122474	0	DISTRACT_END
1441386123542	1	REC_START
1441386153553	1	REC_END
1441386252132	0	TRIAL	12	STIM_PARAMS	0
1441386252132	0	COUNTDOWN_START
1441386262560	0	COUNTDOWN_END
1441386262566	1	ORIENT
1441386265101	1	WORD	text	HOOK	0	NO_STIM
1441386267717	1	WORD	text	SEAL	1	NO_STIM
1441386270269	1	WORD	text	SHRIMP	2	NO_STIM
1441386272801	1	WORD	text	CHAIR	3	NO_STIM
1441386275320	1	WORD	text	GLOVE	4	NO_STIM
1441386277719	1	WORD	text	GATE	5	NO_STIM
1441386280304	1	WORD	text	PALM	6	NO_STIM
1441386282903	1	WORD	text	HAT	7	NO_STIM
1441386285288	1	WORD	text	MOUTH	8	NO_STIM
1441386287671	1	WORD	text	THUMB	9	NO_STIM
1441386290089	1	WORD	text	BATH	10	NO_STIM
1441386292505	1	WORD	text	WORLD	11	NO_STIM
1441386294106	0	DISTRACT_START
1441386315642	0	DISTRACT_END
1441386316860	1	REC_START
1441386346872	1	REC_END
1441386351649	0	TRIAL	13	STIM_PARAMS	0
1441386351649	0	COUNTDOWN_START
1441386362077	0	COUNTDOWN_END
1441386362085	1	ORIENT
1441386364668	1	WORD	text	BOWL	0	NO_STIM
1441386367153	1	WORD	text	CART	1	NO_STIM
1441386369736	1	WORD	text	LOCK	2	NO_STIM
1441386372271	1	WORD	text	PEA	3	NO_STIM
1441386374737	1	WORD	text	BROOM	4	NO_STIM
1441386377255	1	WORD	text	FLOOR	5	NO_STIM
1441386379671	1	WORD	text	BENCH	6	NO_STIM
1441386382039	1	WORD	text	CHIN	7	NO_STIM
1441386384572	1	WORD	text	TEA	8	NO_STIM
1441386387140	1	WORD	text	SUIT	9	NO_STIM
1441386389656	1	WORD	text	BED	10	NO_STIM
1441386392224	1	WORD	text	POOL	11	NO_STIM
1441386393840	0	DISTRACT_START
1441386417062	0	DISTRACT_END
1441386418263	1	REC_START
1441386448275	1	REC_END
1441386454152	0	TRIAL	14	STIM_PARAMS	0
1441386454152	0	COUNTDOWN_START
1441386464580	0	COUNTDOWN_END
1441386464586	1	ORIENT
1441386467071	1	WORD	text	POLE	0	NO_STIM
1441386469454	1	WORD	text	CHEEK	1	NO_STIM
1441386471838	1	WORD	text	PHONE	2	NO_STIM
1441386474306	1	WORD	text	DIME	3	NO_STIM
1441386476755	1	WORD	text	COIN	4	NO_STIM
1441386479273	1	WORD	text	SPEAR	5	NO_STIM
1441386481889	1	WORD	text	CONE	6	NO_STIM
1441386484490	1	WORD	text	ARM	7	NO_STIM
1441386487041	1	WORD	text	DRUM	8	NO_STIM
1441386489491	1	WORD	text	GRAPE	9	NO_STIM
1441386492042	1	WORD	text	HOSE	10	NO_STIM
1441386494558	1	WORD	text	FROG	11	NO_STIM
1441386496159	0	DISTRACT_START
1441386517314	0	DISTRACT_END
1441386518381	1	REC_START
1441386548392	1	REC_END
1441386550902	0	TRIAL	15	STIM_PARAMS	0
1441386550902	0	COUNTDOWN_START
1441386561330	0	COUNTDOWN_END
1441386561338	1	ORIENT
1441386563854	1	WORD	text	GRASS	0	NO_STIM
1441386566289	1	WORD	text	MOON	1	NO_STIM
1441386568772	1	WORD	text	SLUSH	2	NO_STIM
1441386571223	1	WORD	text	NEST	3	NO_STIM
1441386573673	1	WORD	text	BALL	4	NO_STIM
1441386576108	1	WORD	text	GOAT	5	NO_STIM
1441386578507	1	WORD	text	BIRD	6	NO_STIM
1441386581008	1	WORD	text	VINE	7	NO_STIM
1441386583541	1	WORD	text	PRINCE	8	NO_STIM
1441386586009	1	WORD	text	BAT	9	NO_STIM
1441386588609	1	WORD	text	CAT	10	NO_STIM
1441386591144	1	WORD	text	NET	11	NO_STIM
1441386592760	0	DISTRACT_START
1441386613547	0	DISTRACT_END
1441386614648	1	REC_START
1441386644660	1	REC_END
1441386940357	0	TRIAL	16	STIM_PARAMS	0
1441386940357	0	COUNTDOWN_START
1441384668392	0	E	Logging Ends
