1441293434941	0	B	Logging Begins
1441293510329	0	START
1441293510346	1	PROB	'5 + 8 + 2 = '	'13'	0	4699	1
1441293515081	1	PROB	'8 + 7 + 6 = '	'21'	1	7338	2
1441293522448	1	PROB	'8 + 2 + 3 = '	'13'	1	3787	2
1441293526265	1	PROB	'1 + 1 + 6 = '	'8'	1	2763	2
1441293529050	1	PROB	'2 + 2 + 9 = '	'11'	0	2898	1
1441293531948	0	STOP
1441293650538	0	START
1441293650555	1	PROB	'4 + 9 + 3 = '	'16'	1	4856	2
1441293655439	1	PROB	'6 + 4 + 9 = '	'19'	1	3332	2
1441293658806	1	PROB	'1 + 9 + 9 = '	'19'	1	3774	1
1441293662607	1	PROB	'3 + 7 + 7 = '	'20'	0	3940	2
1441293666574	1	PROB	'3 + 1 + 8 = '	'12'	1	5373	2
1441293671947	1	STOP
1441293747623	0	START
1441293747639	1	PROB	'1 + 9 + 3 = '	'13'	1	4020	2
1441293751689	1	PROB	'3 + 7 + 2 = '	'12'	1	6898	2
1441293758607	1	PROB	'7 + 2 + 4 = '	'13'	1	6108	2
1441293764742	1	PROB	'7 + 8 + 2 = '	'18'	0	3279	1
1441293768021	0	STOP
1441293843507	0	START
1441293843523	1	PROB	'4 + 6 + 3 = '	'13'	1	3144	2
1441293846690	1	PROB	'2 + 3 + 6 = '	'12'	0	2506	2
1441293849224	1	PROB	'3 + 1 + 1 = '	'6'	0	2876	2
1441293852125	1	PROB	'2 + 9 + 9 = '	'20'	1	3710	2
1441293855858	1	PROB	'8 + 4 + 1 = '	'10'	0	2802	1
1441293858692	1	PROB	'4 + 2 + 5 = '	'11'	1	4095	2
1441293862810	1	PROB	'5 + 5 + 9 = '	'16'	0	3114	1
1441293865924	0	STOP
1441293941775	0	START
1441293941791	1	PROB	'5 + 9 + 6 = '	'18'	0	4893	1
1441293946708	1	PROB	'5 + 1 + 5 = '	'11'	1	2103	2
1441293948842	1	PROB	'9 + 7 + 6 = '	'20'	0	4866	1
1441293953743	1	PROB	'9 + 4 + 5 = '	'18'	1	4356	3
1441293958145	1	PROB	'1 + 1 + 7 = '	'9'	1	2434	2
1441293960611	1	PROB	'9 + 3 + 5 = '	'17'	1	3649	1
1441293964260	0	STOP
1441294038893	0	START
1441294038908	1	PROB	'6 + 6 + 6 = '	'24'	0	7504	1
1441294046443	1	PROB	'9 + 6 + 5 = '	'21'	0	8105	1
1441294054578	1	PROB	'6 + 9 + 8 = '	'23'	1	5242	1
1441294059820	0	STOP
1441294135927	0	START
1441294135943	1	PROB	'6 + 7 + 4 = '	'17'	1	4820	2
1441294140794	1	PROB	'5 + 3 + 1 = '	'9'	1	3234	2
1441294144062	1	PROB	'5 + 8 + 6 = '	'24'	0	4023	1
1441294148113	1	PROB	'2 + 9 + 3 = '	'11'	0	3019	2
1441294151163	1	PROB	'6 + 4 + 3 = '	'13'	1	2296	2
1441294153496	1	PROB	'4 + 2 + 8 = '	'13'	0	5428	1
1441294158924	0	STOP
1441294233961	0	START
1441294233977	1	PROB	'3 + 3 + 3 = '	'9'	1	2387	1
1441294236394	1	PROB	'7 + 6 + 3 = '	'17'	0	4450	1
1441294240878	1	PROB	'1 + 4 + 4 = '	'9'	1	4734	1
1441294245646	1	PROB	'7 + 6 + 5 = '	'19'	0	5294	1
1441294250964	1	PROB	'7 + 2 + 6 = '	'18'	0	5727	2
1441294256691	1	STOP
1441294332163	0	START
1441294332179	1	PROB	'9 + 8 + 6 = '	'22'	0	4761	1
1441294336963	1	PROB	'1 + 3 + 2 = '	'6'	1	5697	1
1441294342680	1	PROB	'3 + 1 + 8 = '	'12'	1	3412	2
1441294346115	1	PROB	'2 + 7 + 5 = '	'14'	1	2930	1
1441294349066	1	PROB	'3 + 4 + 8 = '	'14'	0	4282	1
1441294353348	0	STOP
1441294428397	0	START
1441294428413	1	PROB	'9 + 4 + 2 = '	'15'	1	4399	1
1441294432847	1	PROB	'1 + 1 + 6 = '	'8'	1	2437	1
1441294435314	1	PROB	'1 + 7 + 1 = '	'9'	1	1875	1
1441294437215	1	PROB	'9 + 7 + 6 = '	'21'	0	4468	2
1441294441715	1	PROB	'5 + 7 + 4 = '	'16'	1	5370	1
1441294447117	1	PROB	'3 + 3 + 6 = '	'15'	0	3566	2
1441294450683	1	STOP
1441294526331	0	START
1441294526347	1	PROB	'9 + 2 + 7 = '	'18'	1	4352	2
1441294530731	1	PROB	'1 + 3 + 2 = '	'6'	1	4144	2
1441294534899	1	PROB	'4 + 7 + 4 = '	'15'	1	3656	2
1441294538583	1	PROB	'3 + 7 + 9 = '	'19'	1	4156	2
1441294542767	1	PROB	'9 + 1 + 5 = '	'15'	1	2916	2
1441294545717	1	PROB	'8 + 8 + 9 = '	'22'	0	2431	2
1441294548148	1	STOP
1441294623999	0	START
1441294624016	1	PROB	'1 + 1 + 7 = '	'9'	1	2843	2
1441294626882	1	PROB	'8 + 1 + 2 = '	'10'	0	5163	1
1441294632067	1	PROB	'4 + 9 + 5 = '	'2'	0	4168	2
1441294636267	1	PROB	'6 + 5 + 3 = '	'15'	0	4560	2
1441294640851	1	PROB	'9 + 8 + 8 = '	'31'	0	5016	2
1441294645867	1	STOP
1441294721085	0	START
1441294721100	1	PROB	'9 + 3 + 4 = '	'16'	1	9424	1
1441294730551	1	PROB	'9 + 1 + 9 = '	'19'	1	3765	1
1441294734352	1	PROB	'4 + 4 + 9 = '	'17'	1	2963	2
1441294737335	1	PROB	'2 + 5 + 6 = '	'12'	0	2677	2
1441294740037	1	PROB	'6 + 9 + 3 = '	'17'	0	4000	1
1441294744037	0	STOP
1441294819851	0	START
1441294819867	1	PROB	'1 + 8 + 5 = '	'14'	1	4657	1
1441294824551	1	PROB	'7 + 8 + 1 = '	'16'	1	2700	2
1441294827285	1	PROB	'6 + 5 + 8 = '	'19'	1	5599	1
1441294832919	1	PROB	'6 + 1 + 2 = '	'9'	1	4460	2
1441294837404	1	PROB	'5 + 1 + 4 = '	'10'	1	5039	2
1441294842443	1	STOP
1441294924204	0	START
1441294924220	1	PROB	'5 + 6 + 8 = '	'19'	1	9328	1
1441294933571	1	PROB	'2 + 7 + 3 = '	'13'	0	3705	1
1441294937305	1	PROB	'1 + 5 + 1 = '	'7'	1	2027	1
1441294939356	1	PROB	'2 + 6 + 3 = '	'9'	0	2697	1
1441294942074	1	PROB	'8 + 5 + 7 = '	'18'	0	6850	1
1441294948924	0	STOP
1441295024772	0	START
1441295024788	1	PROB	'1 + 3 + 1 = '	'5'	1	3264	2
1441295028073	1	PROB	'4 + 6 + 1 = '	'11'	1	2594	2
1441295030689	1	PROB	'1 + 8 + 5 = '	'13'	0	4963	1
1441295035673	1	PROB	'4 + 5 + 5 = '	'14'	1	3500	1
1441295039208	1	PROB	'9 + 7 + 2 = '	'18'	1	3259	2
1441295042491	1	PROB	'1 + 4 + 9 = '	'14'	1	2689	2
1441295045180	1	STOP
1441295120873	0	START
1441295120889	1	PROB	'4 + 7 + 4 = '	'19'	0	5259	2
1441295126174	1	PROB	'3 + 5 + 8 = '	'16'	1	3190	1
1441295129390	1	PROB	'3 + 3 + 8 = '	'1'	0	5822	2
1441295135241	1	PROB	'9 + 7 + 1 = '	'17'	1	2570	2
1441295137842	1	PROB	'3 + 7 + 6 = '	'15'	0	3331	1
1441295141173	0	STOP
1441295218092	0	START
1441295218107	1	PROB	'6 + 3 + 1 = '	'10'	1	4001	2
1441295222141	1	PROB	'6 + 1 + 7 = '	'14'	1	3199	1
1441295225374	1	PROB	'1 + 2 + 9 = '	'12'	1	2206	1
1441295227608	1	PROB	'3 + 3 + 9 = '	'14'	0	2940	1
1441295230575	1	PROB	'2 + 5 + 2 = '	'9'	1	3125	1
1441295233726	1	PROB	'4 + 9 + 7 = '	'18'	0	5053	2
1441295238779	1	STOP
1441295314076	0	START
1441295314092	1	PROB	'7 + 1 + 2 = '	'9'	0	4655	2
1441295318775	1	PROB	'3 + 5 + 3 = '	'12'	0	4564	2
1441295323375	1	PROB	'7 + 3 + 6 = '	'16'	1	10844	2
1441295334219	1	STOP
1441295409292	0	START
1441295409308	1	PROB	'4 + 4 + 2 = '	'10'	1	4967	2
1441295414309	1	PROB	'7 + 5 + 2 = '	'14'	1	5856	1
1441295420194	1	PROB	'2 + 3 + 8 = '	'12'	0	2482	1
1441295422710	1	PROB	'5 + 2 + 8 = '	'15'	1	2949	2
1441295425694	1	PROB	'9 + 9 + 5 = '	'14'	0	2982	1
1441295428711	1	PROB	'5 + 3 + 5 = '	'13'	1	3085	1
1441295431796	0	STOP
1441295507293	0	START
1441295507309	1	PROB	'3 + 2 + 9 = '	'14'	1	4206	2
1441295511543	1	PROB	'8 + 1 + 9 = '	'18'	1	3028	2
1441295514594	1	PROB	'4 + 4 + 3 = '	'11'	1	3937	2
1441295518561	1	PROB	'1 + 2 + 6 = '	'9'	1	2787	1
1441295521378	1	PROB	'8 + 7 + 8 = '	'23'	1	2921	2
1441295524329	1	PROB	'1 + 4 + 7 = '	'10'	0	5555	1
1441295529884	0	STOP
1441295605795	0	START
1441295605810	1	PROB	'7 + 4 + 8 = '	'19'	1	9642	1
1441295615479	1	PROB	'5 + 3 + 4 = '	'12'	1	2348	2
1441295617862	1	PROB	'9 + 7 + 4 = '	'19'	0	4397	2
1441295622280	1	PROB	'1 + 4 + 7 = '	'13'	0	7164	1
1441295629444	0	STOP
1441295703962	0	START
1441295703978	1	PROB	'6 + 3 + 2 = '	'11'	1	5721	2
1441295709729	1	PROB	'2 + 9 + 9 = '	'20'	1	3484	1
1441295713246	1	PROB	'2 + 3 + 8 = '	'13'	1	4510	1
1441295717781	1	PROB	'6 + 8 + 1 = '	'15'	1	2344	1
1441295720149	1	PROB	'7 + 2 + 8 = '	'17'	1	4199	1
1441295724348	0	STOP
1441295799913	0	START
1441295799929	1	PROB	'3 + 2 + 2 = '	'7'	1	3595	1
1441295803546	1	PROB	'5 + 3 + 5 = '	'13'	1	2034	1
1441295805613	1	PROB	'8 + 5 + 7 = '	'18'	0	3614	2
1441295809247	1	PROB	'7 + 6 + 9 = '	'22'	1	3053	1
1441295812331	1	PROB	'5 + 7 + 6 = '	'21'	0	4256	2
1441295816615	1	PROB	'6 + 1 + 8 = '	'15'	1	3132	2
1441295819783	1	PROB	'9 + 9 + 4 = '	'23'	0	3036	2
1441295822819	1	STOP
1441295898681	0	START
1441295898697	1	PROB	'2 + 5 + 2 = '	'9'	1	3907	1
1441295902631	1	PROB	'1 + 5 + 5 = '	'11'	1	1566	1
1441295904231	1	PROB	'5 + 5 + 3 = '	'13'	1	1741	1
1441295905998	1	PROB	'7 + 7 + 5 = '	'19'	1	4038	2
1441295910067	1	PROB	'7 + 4 + 8 = '	'16'	0	3769	1
1441295913866	1	PROB	'6 + 3 + 9 = '	'18'	1	3226	2
1441295917118	1	PROB	'1 + 6 + 7 = '	'14'	1	2854	2
1441295919972	1	STOP
1441295995682	0	START
1441295995698	1	PROB	'5 + 1 + 5 = '	'11'	1	2937	2
1441295998665	1	PROB	'5 + 1 + 9 = '	'15'	1	2882	2
1441296001582	1	PROB	'9 + 7 + 4 = '	'20'	1	7221	2
1441296008834	1	PROB	'8 + 2 + 1 = '	'12'	0	6497	2
1441296015368	1	PROB	'1 + 3 + 1 = '	'5'	1	2251	2
1441296017619	1	STOP
1441296090598	0	E	Logging Ends
