1442005662817	0	B	Logging Begins
1442005739607	0	START
1442005739617	1	PROB	'1 + 3 + 8 = '	'12'	1	3468	2
1442005743117	1	PROB	'7 + 7 + 1 = '	'15'	1	3209	1
1442005746351	1	PROB	'5 + 4 + 3 = '	'12'	1	2702	1
1442005749085	1	PROB	'9 + 2 + 1 = '	'12'	1	1648	1
1442005750733	0	STOP
1442005802544	0	START
1442005802562	1	PROB	'1 + 4 + 2 = '	'7'	1	2651	1
1442005805245	1	PROB	'7 + 5 + 6 = '	'21'	0	8576	1
1442005813821	0	STOP
1442005865174	0	START
1442005865190	1	PROB	'5 + 3 + 5 = '	'13'	1	2607	1
1442005867823	1	PROB	'1 + 1 + 6 = '	'8'	1	1607	1
1442005869457	1	PROB	'9 + 6 + 5 = '	'20'	1	2805	1
1442005872291	1	PROB	'3 + 3 + 6 = '	'12'	1	3626	1
1442005875917	0	STOP
1442005925628	0	START
1442005925633	1	PROB	'8 + 1 + 3 = '	'12'	1	2828	1
1442005928485	1	PROB	'8 + 3 + 1 = '	'11'	0	2112	1
1442005930619	1	PROB	'5 + 2 + 4 = '	'11'	1	4866	1
1442005935519	1	PROB	'6 + 2 + 9 = '	'18'	0	5791	1
1442005941310	0	STOP
1442005992097	0	START
1442005992113	1	PROB	'8 + 3 + 1 = '	'12'	1	3164	1
1442005995297	1	PROB	'6 + 1 + 6 = '	'13'	1	2037	1
1442005997364	1	PROB	'8 + 2 + 1 = '	'11'	1	2170	1
1442005999565	1	PROB	'3 + 8 + 2 = '	'13'	1	2351	1
1442006001947	1	PROB	'4 + 2 + 5 = '	'11'	1	2426	1
1442006004373	0	STOP
1442006055894	0	START
1442006055907	1	PROB	'6 + 5 + 7 = '	'12'	0	4962	1
1442006060892	1	PROB	'8 + 9 + 1 = '	'18'	1	3033	1
1442006063959	1	PROB	'3 + 5 + 9 = '	'18'	0	2886	1
1442006066845	0	STOP
1442006115755	0	START
1442006115768	1	PROB	'1 + 8 + 3 = '	'12'	1	2325	1
1442006118120	1	PROB	'4 + 5 + 8 = '	'17'	1	3485	1
1442006121636	1	PROB	'6 + 7 + 1 = '	'14'	1	2321	1
1442006123987	1	PROB	'8 + 2 + 8 = '	'18'	1	2210	1
1442006126197	0	STOP
1442006178021	0	START
1442006178031	1	PROB	'5 + 7 + 3 = '	'15'	1	4191	1
1442006182248	1	PROB	'2 + 8 + 4 = '	'14'	1	2237	1
1442006184515	1	PROB	'2 + 8 + 9 = '	'19'	1	2627	1
1442006187166	1	PROB	'6 + 7 + 2 = '	'15'	1	4623	1
1442006191789	0	STOP
1442006242689	0	START
1442006242709	1	PROB	'6 + 6 + 2 = '	'14'	1	2305	1
1442006245043	1	PROB	'2 + 2 + 6 = '	'10'	1	6770	1
1442006251844	1	PROB	'3 + 8 + 9 = '	'21'	0	6497	1
1442006258341	0	STOP
1442006307046	0	START
1442006307055	1	PROB	'4 + 6 + 8 = '	'18'	1	3574	1
1442006310654	1	PROB	'2 + 9 + 5 = '	'16'	1	11632	1
1442006322286	0	STOP
1442006497285	0	START
1442006497306	1	PROB	'4 + 3 + 3 = '	'10'	1	3796	1
1442006501124	1	PROB	'2 + 7 + 4 = '	'12'	0	2937	1
1442006504091	1	PROB	'5 + 4 + 3 = '	'12'	1	2642	1
1442006506757	1	PROB	'6 + 1 + 6 = '	'13'	1	1536	1
1442006508293	0	STOP
1442006556826	0	START
1442006556833	1	PROB	'8 + 9 + 5 = '	'23'	0	6100	1
1442006562968	1	PROB	'2 + 3 + 3 = '	'8'	1	3061	1
1442006566052	1	PROB	'5 + 4 + 6 = '	'15'	1	2217	1
1442006568269	0	STOP
1442006620239	0	START
1442006620246	1	PROB	'2 + 8 + 4 = '	'14'	1	3856	1
1442006624130	1	PROB	'6 + 9 + 2 = '	'18'	0	5115	1
1442006629264	1	PROB	'7 + 2 + 4 = '	'12'	0	4341	1
1442006633605	0	STOP
1442006683078	0	START
1442006683091	1	PROB	'1 + 8 + 3 = '	'12'	1	2769	2
1442006685890	1	PROB	'2 + 8 + 7 = '	'17'	1	1978	1
1442006687891	1	PROB	'8 + 4 + 9 = '	'21'	1	4219	1
1442006692142	1	PROB	'5 + 1 + 1 = '	'7'	1	1654	1
1442006693796	0	STOP
1442006756986	0	START
1442006757004	1	PROB	'5 + 5 + 5 = '	'15'	1	3402	1
1442006760438	1	PROB	'3 + 2 + 7 = '	'12'	1	3016	1
1442006763472	1	PROB	'1 + 3 + 6 = '	'10'	1	3134	1
1442006766638	1	PROB	'1 + 9 + 2 = '	'12'	1	1495	1
1442006768133	0	STOP
1442006819063	0	START
1442006819083	1	PROB	'6 + 3 + 6 = '	'15'	1	2459	1
1442006821566	1	PROB	'7 + 6 + 9 = '	'20'	0	5016	1
1442006826601	1	PROB	'4 + 5 + 9 = '	'18'	1	2869	1
1442006829470	0	STOP
1442006880605	0	START
1442006880610	1	PROB	'1 + 5 + 6 = '	'12'	1	2731	1
1442006883361	1	PROB	'1 + 5 + 3 = '	'9'	1	2244	1
1442006885627	1	PROB	'8 + 6 + 2 = '	'16'	1	3162	1
1442006888811	1	PROB	'2 + 6 + 2 = '	'10'	1	2666	1
1442006891477	0	STOP
1442006940074	0	START
1442006940088	1	PROB	'5 + 7 + 2 = '	'1'	0	2765	1
1442006942871	1	PROB	'9 + 7 + 2 = '	'44'	0	1774	1
1442006944671	1	PROB	'8 + 9 + 2 = '	'19'	1	3141	2
1442006947839	1	PROB	'2 + 9 + 4 = '	'15'	1	3535	1
1442006951374	0	STOP
1442007001545	0	START
1442007001566	1	PROB	'8 + 1 + 6 = '	'15'	1	2151	1
1442007003749	1	PROB	'7 + 5 + 9 = '	'22'	0	2239	1
1442007006017	1	PROB	'3 + 7 + 9 = '	'19'	1	4420	2
1442007010468	1	PROB	'5 + 9 + 9 = '	'27'	0	3969	1
1442007014437	0	STOP
1442007064714	0	START
1442007064727	1	PROB	'7 + 9 + 6 = '	'25'	0	3495	1
1442007068245	1	PROB	'5 + 7 + 7 = '	'20'	0	7064	1
1442007075309	0	STOP
1442007109169	0	E	Logging Ends
