1442005662817	0	B	Logging Begins
1442005662929	0	SESS_START	2
1442005712777	0	TRIAL	1	HiImag	STIM	RX1	1	100	23	E_stim
1442005712794	1	ORIENT
1442005715134	1	REC_STUDY
1442005715634	0	PULSE_SENT_ENCODING
1442005716145	1	WORD	TOOTH	0
1442005718496	1	WORD	DIME	1
1442005720845	1	WORD	ROPE	2
1442005723180	1	WORD	TEA	3
1442005725530	1	WORD	SWORD	4
1442005727880	1	WORD	SIGN	5
1442005730215	1	WORD	CAR	6
1442005732548	1	WORD	BOX	7
1442005734898	1	WORD	TEETH	8
1442005737250	1	WORD	CAKE	9
1442005751902	1	REC_START
1442005771901	1	REC_STOP
1442005776190	0	TRIAL	2	HiImag	STIM	RX1	1	100	23	R_stim
1442005776207	1	ORIENT
1442005779063	1	REC_STUDY
1442005779074	1	WORD	ROSE	0
1442005781408	1	WORD	TENT	1
1442005783740	1	WORD	BELL	2
1442005786092	1	WORD	TAPE	3
1442005788442	1	WORD	DEER	4
1442005790792	1	WORD	SHOE	5
1442005793143	1	WORD	BED	6
1442005795493	1	WORD	MOUTH	7
1442005797843	1	WORD	DAD	8
1442005800211	1	WORD	SEAT	9
1442005814997	1	REC_START
1442005815496	0	PULSE_SENT_RETRIEVAL
1442005835996	1	REC_STOP
1442005838085	0	TRIAL	3	HiImag	STIM	RX1	1	100	23	E_stim
1442005838101	1	ORIENT
1442005840697	1	REC_STUDY
1442005841197	0	PULSE_SENT_ENCODING
1442005841718	1	WORD	MAZE	0
1442005844036	1	WORD	CAT	1
1442005846403	1	WORD	CASH	2
1442005848769	1	WORD	SLUSH	3
1442005851104	1	WORD	CANE	4
1442005853454	1	WORD	BLUSH	5
1442005855804	1	WORD	HAT	6
1442005858138	1	WORD	PARK	7
1442005860472	1	WORD	CHIEF	8
1442005862838	1	WORD	FOOD	9
1442005877126	1	REC_START
1442005897125	1	REC_STOP
1442005899413	0	TRIAL	4	HiImag	STIM	RX1	1	100	23	R_stim
1442005899429	1	ORIENT
1442005902227	1	REC_STUDY
1442005902230	1	WORD	SHIRT	0
1442005904580	1	WORD	DOOR	1
1442005906913	1	WORD	PEARL	2
1442005909265	1	WORD	ROOF	3
1442005911598	1	WORD	MOOSE	4
1442005913948	1	WORD	SUIT	5
1442005916283	1	WORD	STEAK	6
1442005918649	1	WORD	CONE	7
1442005920966	1	WORD	MAT	8
1442005923284	1	WORD	PURSE	9
1442005942454	1	REC_START
1442005942954	0	PULSE_SENT_RETRIEVAL
1442005963462	1	REC_STOP
1442005966592	0	TRIAL	5	HiImag	STIM	RX1	1	100	23	R_stim
1442005966609	1	ORIENT
1442005968720	1	REC_STUDY
1442005968725	1	WORD	CLAY	0
1442005971093	1	WORD	YARD	1
1442005973426	1	WORD	CHIN	2
1442005975776	1	WORD	SCHOOL	3
1442005978094	1	WORD	BOWL	4
1442005980411	1	WORD	JAR	5
1442005982760	1	WORD	WORLD	6
1442005985079	1	WORD	VEST	7
1442005987429	1	WORD	SHRIMP	8
1442005989778	1	WORD	STEM	9
1442006005416	1	REC_START
1442006005915	0	PULSE_SENT_RETRIEVAL
1442006026415	1	REC_STOP
1442006028936	0	TRIAL	6	HiImag	STIM	RX1	1	100	23	E_stim
1442006028952	1	ORIENT
1442006031483	1	REC_STUDY
1442006031983	0	PULSE_SENT_ENCODING
1442006032487	1	WORD	SEA	0
1442006034853	1	WORD	PEA	1
1442006037188	1	WORD	MOTH	2
1442006039522	1	WORD	FOX	3
1442006041855	1	WORD	BAND	4
1442006044189	1	WORD	VAN	5
1442006046540	1	WORD	PLANE	6
1442006048856	1	WORD	CAVE	7
1442006051191	1	WORD	WOOD	8
1442006053541	1	WORD	MUG	9
1442006068028	1	REC_START
1442006088027	1	REC_STOP
1442006089847	0	TRIAL	7	HiImag	STIM	RX1	1	100	23	R_stim
1442006089864	1	ORIENT
1442006092265	1	REC_STUDY
1442006092282	1	WORD	WOLF	0
1442006094648	1	WORD	PET	1
1442006096998	1	WORD	VASE	2
1442006099350	1	WORD	WHALE	3
1442006101716	1	WORD	TIE	4
1442006104051	1	WORD	CORN	5
1442006106401	1	WORD	POND	6
1442006108734	1	WORD	ELF	7
1442006111068	1	WORD	TRUCK	8
1442006113419	1	WORD	SHELL	9
1442006127372	1	REC_START
1442006127871	0	PULSE_SENT_RETRIEVAL
1442006148371	1	REC_STOP
1442006151126	0	TRIAL	8	HiImag	STIM	RX1	1	100	23	E_stim
1442006151143	1	ORIENT
1442006153620	1	REC_STUDY
1442006154120	0	PULSE_SENT_ENCODING
1442006154626	1	WORD	SMILE	0
1442006156959	1	WORD	VINE	1
1442006159311	1	WORD	BOOT	2
1442006161644	1	WORD	DOCK	3
1442006163977	1	WORD	DOG	4
1442006166312	1	WORD	JUDGE	5
1442006168645	1	WORD	HOOK	6
1442006170962	1	WORD	FARM	7
1442006173313	1	WORD	FLUTE	8
1442006175679	1	WORD	SHEEP	9
1442006192900	1	REC_START
1442006212899	1	REC_STOP
1442006215238	0	TRIAL	9	HiImag	STIM	RX1	1	100	23	E_stim
1442006215254	1	ORIENT
1442006218222	1	REC_STUDY
1442006218722	0	PULSE_SENT_ENCODING
1442006219239	1	WORD	CLOTH	0
1442006221572	1	WORD	BRIDGE	1
1442006223905	1	WORD	BRICK	2
1442006226240	1	WORD	LIP	3
1442006228574	1	WORD	WHEEL	4
1442006230956	1	WORD	BOY	5
1442006233291	1	WORD	STAIR	6
1442006235641	1	WORD	BENCH	7
1442006237974	1	WORD	SHIP	8
1442006240326	1	WORD	PANTS	9
1442006259397	1	REC_START
1442006279396	1	REC_STOP
1442006280999	0	TRIAL	10	HiImag	STIM	RX1	1	100	23	R_stim
1442006281017	1	ORIENT
1442006283616	1	REC_STUDY
1442006283633	1	WORD	FOG	0
1442006285983	1	WORD	MOON	1
1442006288301	1	WORD	SNOW	2
1442006290651	1	WORD	SMOKE	3
1442006293002	1	WORD	KEY	4
1442006295319	1	WORD	PASTE	5
1442006297652	1	WORD	ZOO	6
1442006300003	1	WORD	GOAT	7
1442006302337	1	WORD	DART	8
1442006304720	1	WORD	BAT	9
1442006323442	1	REC_START
1442006323941	0	PULSE_SENT_RETRIEVAL
1442006344441	1	REC_STOP
1442006469850	0	TRIAL	11	HiImag	STIM	RX1	1	100	23	E_stim
1442006469867	1	ORIENT
1442006472879	1	REC_STUDY
1442006473379	0	PULSE_SENT_ENCODING
1442006473901	1	WORD	PIG	0
1442006476219	1	WORD	BOMB	1
1442006478586	1	WORD	BEAK	2
1442006480919	1	WORD	LEAF	3
1442006483254	1	WORD	BOOK	4
1442006485604	1	WORD	COIN	5
1442006487920	1	WORD	SEED	6
1442006490272	1	WORD	COUCH	7
1442006492606	1	WORD	HOUSE	8
1442006494972	1	WORD	DRESS	9
1442006509459	1	REC_START
1442006529458	1	REC_STOP
1442006530728	0	TRIAL	12	HiImag	STIM	RX1	1	100	23	R_stim
1442006530745	1	ORIENT
1442006533387	1	REC_STUDY
1442006533396	1	WORD	BIRD	0
1442006535729	1	WORD	FOAM	1
1442006538064	1	WORD	NET	2
1442006540414	1	WORD	WALL	3
1442006542747	1	WORD	SUN	4
1442006545099	1	WORD	HOOF	5
1442006547466	1	WORD	CLIFF	6
1442006549832	1	WORD	TOAD	7
1442006552150	1	WORD	WAVE	8
1442006554484	1	WORD	GLASS	9
1442006569420	1	REC_START
1442006569920	0	PULSE_SENT_RETRIEVAL
1442006590428	1	REC_STOP
1442006592990	0	TRIAL	13	HiImag	STIM	RX1	1	100	23	E_stim
1442006593007	1	ORIENT
1442006595827	1	REC_STUDY
1442006596327	0	PULSE_SENT_ENCODING
1442006596840	1	WORD	WEED	0
1442006599159	1	WORD	BANK	1
1442006601526	1	WORD	FORK	2
1442006603859	1	WORD	ROCK	3
1442006606210	1	WORD	BATH	4
1442006608577	1	WORD	ROOM	5
1442006610893	1	WORD	FLOOR	6
1442006613211	1	WORD	CUBE	7
1442006615578	1	WORD	HORSE	8
1442006617928	1	WORD	SKUNK	9
1442006634698	1	REC_START
1442006654707	1	REC_STOP
1442006657286	0	TRIAL	14	HiImag	STIM	RX1	1	100	23	R_stim
1442006657303	1	ORIENT
1442006659667	1	REC_STUDY
1442006659669	1	WORD	WING	0
1442006662020	1	WORD	DRUM	1
1442006664371	1	WORD	SHIELD	2
1442006666737	1	WORD	NEST	3
1442006669071	1	WORD	WORM	4
1442006671389	1	WORD	HEN	5
1442006673755	1	WORD	HAWK	6
1442006676073	1	WORD	POOL	7
1442006678407	1	WORD	BEAN	8
1442006680739	1	WORD	THREAD	9
1442006694979	1	REC_START
1442006695475	0	PULSE_SENT_RETRIEVAL
1442006715975	1	REC_STOP
1442006731233	0	TRIAL	15	HiImag	STIM	RX1	1	100	23	R_stim
1442006731250	1	ORIENT
1442006733513	1	REC_STUDY
1442006733517	1	WORD	SINK	0
1442006735900	1	WORD	CORD	1
1442006738251	1	WORD	POLE	2
1442006740585	1	WORD	FUDGE	3
1442006742917	1	WORD	LAMP	4
1442006745269	1	WORD	CALF	5
1442006747619	1	WORD	TOY	6
1442006749969	1	WORD	CHEEK	7
1442006752303	1	WORD	SWAMP	8
1442006754669	1	WORD	PIN	9
1442006769323	1	REC_START
1442006769823	0	PULSE_SENT_RETRIEVAL
1442006790331	1	REC_STOP
1442006792111	0	TRIAL	16	HiImag	STIM	RX1	1	100	23	E_stim
1442006792127	1	ORIENT
1442006794690	1	REC_STUDY
1442006795190	0	PULSE_SENT_ENCODING
1442006795711	1	WORD	FOX	0
1442006798045	1	WORD	TRUCK	1
1442006800396	1	WORD	STAIR	2
1442006802745	1	WORD	SWORD	3
1442006805063	1	WORD	WING	4
1442006807380	1	WORD	CONE	5
1442006809730	1	WORD	CHIN	6
1442006812048	1	WORD	CUBE	7
1442006814398	1	WORD	MOOSE	8
1442006816748	1	WORD	FUDGE	9
1442006830684	1	REC_START
1442006850692	1	REC_STOP
1442006853905	0	TRIAL	17	HiImag	STIM	RX1	1	100	23	E_stim
1442006853921	1	ORIENT
1442006856172	1	REC_STUDY
1442006856672	0	PULSE_SENT_ENCODING
1442006857190	1	WORD	SUN	0
1442006859540	1	WORD	FORK	1
1442006861856	1	WORD	CASH	2
1442006864207	1	WORD	TOOTH	3
1442006866558	1	WORD	WOOD	4
1442006868907	1	WORD	DEER	5
1442006871259	1	WORD	GLOVE	6
1442006873609	1	WORD	ROCK	7
1442006875942	1	WORD	BEAK	8
1442006878260	1	WORD	SHIELD	9
1442006892580	1	REC_START
1442006912579	1	REC_STOP
1442006914033	0	TRIAL	18	HiImag	STIM	RX1	1	100	23	R_stim
1442006914050	1	ORIENT
1442006916634	1	REC_STUDY
1442006916650	1	WORD	CANE	0
1442006918983	1	WORD	CLAY	1
1442006921318	1	WORD	MOON	2
1442006923684	1	WORD	CHIEF	3
1442006926019	1	WORD	PANTS	4
1442006928353	1	WORD	SKI	5
1442006930685	1	WORD	TEA	6
1442006933003	1	WORD	DART	7
1442006935354	1	WORD	KING	8
1442006937737	1	WORD	GOAT	9
1442006952541	1	REC_START
1442006953040	0	PULSE_SENT_RETRIEVAL
1442006973540	1	REC_STOP
1442006975261	0	TRIAL	19	HiImag	STIM	RX1	1	100	23	R_stim
1442006975278	1	ORIENT
1442006978073	1	REC_STUDY
1442006978078	1	WORD	MUG	0
1442006980429	1	WORD	SHOE	1
1442006982795	1	WORD	VEST	2
1442006985130	1	WORD	SOAP	3
1442006987464	1	WORD	SINK	4
1442006989830	1	WORD	YARD	5
1442006992181	1	WORD	PIE	6
1442006994548	1	WORD	WALL	7
1442006996881	1	WORD	SCHOOL	8
1442006999199	1	WORD	COIN	9
1442007015668	1	REC_START
1442007016168	0	PULSE_SENT_RETRIEVAL
1442007036677	1	REC_STOP
1442007038073	0	TRIAL	20	HiImag	STIM	RX1	1	100	23	E_stim
1442007038089	1	ORIENT
1442007040222	1	REC_STUDY
1442007040722	0	PULSE_SENT_ENCODING
1442007041240	1	WORD	BRIDGE	0
1442007043607	1	WORD	BEAN	1
1442007045973	1	WORD	SEA	2
1442007048325	1	WORD	DRUM	3
1442007050657	1	WORD	NET	4
1442007052991	1	WORD	WORLD	5
1442007055343	1	WORD	PEA	6
1442007057675	1	WORD	VINE	7
1442007060027	1	WORD	NEST	8
1442007062377	1	WORD	BRUSH	9
1442007076347	1	REC_START
1442007096346	1	REC_STOP
1442007109136	0	SESS_END
1442007109168	0	E	Logging Ends
