1441293397415	0	B	Logging Begins
1441293397415	0	SETUP
1441293397415	0	RESTORESTATE
1441293397416	0	SESSION	0
1441293410038	0	BREAK
1441293410038	0	E	Logging Ends
1441293411555	0	B	Logging Begins
1441293411555	0	SETUP
1441293412404	0	RESTORESTATE
1441293417404	0	RESTORESTATE
1441293417407	0	SESSION	0
1441293417455	0	SESSION	1
1441293417503	0	SESSION	2
1441293417557	0	SESSION	3
1441293417604	0	SESSION	4
1441293417658	0	SESSION	5
1441293417706	0	SESSION	6
1441293417755	0	SESSION	7
1441293417803	0	SESSION	8
1441293417852	0	SESSION	9
1441293417905	0	SESSION	10
1441293417961	0	SESSION	11
1441293418011	0	SESSION	12
1441293418061	0	SESSION	13
1441293418110	0	SESSION	14
1441293418158	0	SESSION	15
1441293418206	0	SESSION	16
1441293418252	0	SESSION	17
1441293418311	0	SAVESTATE
1441293418311	0	RESTORESTATE
1441293418329	0	SESSION	0
1441293419266	0	SESSION	1
1441293420183	0	SESSION	2
1441293421097	0	SESSION	3
1441293422014	0	SESSION	4
1441293422930	0	SESSION	5
1441293423849	0	SESSION	6
1441293424762	0	SESSION	7
1441293425680	0	SESSION	8
1441293426656	0	SESSION	9
1441293427582	0	SESSION	10
1441293428509	0	SESSION	11
1441293429428	0	SESSION	12
1441293430340	0	SESSION	13
1441293431253	0	SESSION	14
1441293432170	0	SESSION	15
1441293433086	0	SESSION	16
1441293433998	0	SESSION	17
1441293434923	0	RESTORESTATE
1441293434933	0	SESSION	0
1441293563181	0	SAVESTATE
1441293703014	0	SAVESTATE
1441293799083	0	SAVESTATE
1441293897167	0	SAVESTATE
1441293995367	0	SAVESTATE
1441294090902	0	SAVESTATE
1441294190022	0	SAVESTATE
1441294287891	0	SAVESTATE
1441294384443	0	SAVESTATE
1441294481891	0	SAVESTATE
1441294579342	0	SAVESTATE
1441294676976	0	SAVESTATE
1441294775214	0	SAVESTATE
1441294873697	0	SAVESTATE
1441294980134	0	SAVESTATE
1441295076284	0	SAVESTATE
1441295172336	0	SAVESTATE
1441295269850	0	SAVESTATE
1441295365338	0	SAVESTATE
1441295462905	0	SAVESTATE
1441295561024	0	SAVESTATE
1441295660657	0	SAVESTATE
1441295755459	0	SAVESTATE
1441295854042	0	SAVESTATE
1441295951051	0	SAVESTATE
1441296048851	0	SAVESTATE
1441296048864	0	SAVESTATE
1441296090617	0	EXIT
1441296090617	0	E	Logging Ends
1441384663010	0	B	Logging Begins
1441384663010	0	SETUP
1441384663011	0	RESTORESTATE
1441384663031	0	RESTORESTATE
1441384663045	0	SESSION	1
1441384667194	0	BREAK
1441384667194	0	E	Logging Ends
1441384668737	0	B	Logging Begins
1441384668737	0	SETUP
1441384669588	0	RESTORESTATE
1441384669603	0	RESTORESTATE
1441384669618	0	RESTORESTATE
1441384669631	0	SESSION	1
1441384967793	0	SAVESTATE
1441385152452	0	SAVESTATE
1441385249358	0	SAVESTATE
1441385346837	0	SAVESTATE
1441385444589	0	SAVESTATE
1441385546493	0	SAVESTATE
1441385641875	0	SAVESTATE
1441385743011	0	SAVESTATE
1441385844312	0	SAVESTATE
1441385947528	0	SAVESTATE
1441386046484	0	SAVESTATE
1441386153568	0	SAVESTATE
1441386346888	0	SAVESTATE
1441386448290	0	SAVESTATE
1441386548408	0	SAVESTATE
1441386644675	0	SAVESTATE
1441386940459	0	BREAK
1441386940459	0	E	Logging Ends
1441834296992	0	B	Logging Begins
1441834296992	0	SETUP
1441834296992	0	RESTORESTATE
1441834297010	0	RESTORESTATE
1441834297025	0	SESSION	1
1441834313206	0	EXIT
1441834313206	0	E	Logging Ends
1441834314670	0	B	Logging Begins
1441834314670	0	SETUP
1441834315517	0	RESTORESTATE
1441834315532	0	RESTORESTATE
1441834315547	0	RESTORESTATE
1441834315560	0	SESSION	1
1441834471154	0	SAVESTATE
1441834486125	0	EXIT
1441834486125	0	E	Logging Ends
1441834507277	0	B	Logging Begins
1441834507277	0	SETUP
1441834507278	0	RESTORESTATE
1441834507295	0	RESTORESTATE
1441834507309	0	SESSION	2
1441834527959	0	BREAK
1441834527959	0	E	Logging Ends
1441834529480	0	B	Logging Begins
1441834529480	0	SETUP
1441834530307	0	RESTORESTATE
1441834530322	0	RESTORESTATE
1441834530336	0	RESTORESTATE
1441834530349	0	SESSION	2
1441834639626	0	SAVESTATE
1441834742423	0	SAVESTATE
1441834842873	0	SAVESTATE
1441834940139	0	SAVESTATE
1441835036257	0	SAVESTATE
1441835133443	0	SAVESTATE
1441835230509	0	SAVESTATE
1441835325878	0	SAVESTATE
1441835424160	0	SAVESTATE
1441835524846	0	SAVESTATE
1441835620781	0	SAVESTATE
1441835719848	0	SAVESTATE
1441835817684	0	SAVESTATE
1441835914718	0	SAVESTATE
1441836011469	0	SAVESTATE
1441836114488	0	SAVESTATE
1441836230810	0	SAVESTATE
1441836328393	0	SAVESTATE
1441836423195	0	SAVESTATE
1441836519545	0	SAVESTATE
1441836621651	0	SAVESTATE
1441836728466	0	SAVESTATE
1441836828883	0	SAVESTATE
1441836932086	0	SAVESTATE
1441837029971	0	SAVESTATE
1441837131047	0	SAVESTATE
1441837131060	0	SAVESTATE
1441837211287	0	EXIT
1441837211287	0	E	Logging Ends
1441920679166	0	B	Logging Begins
1441920679166	0	SETUP
1441920679166	0	RESTORESTATE
1441920679185	0	RESTORESTATE
1441920679200	0	SESSION	3
1441920685558	0	BREAK
1441920685558	0	E	Logging Ends
1441920687039	0	B	Logging Begins
1441920687039	0	SETUP
1441920687874	0	RESTORESTATE
1441920687889	0	RESTORESTATE
1441920687905	0	RESTORESTATE
1441920687918	0	SESSION	3
1441920822979	0	SAVESTATE
1441920921473	0	SAVESTATE
1441921021109	0	SAVESTATE
1441921117192	0	SAVESTATE
1441921216163	0	SAVESTATE
1441921313623	0	SAVESTATE
1441921409730	0	SAVESTATE
1441921507932	0	SAVESTATE
1441921605247	0	SAVESTATE
1441921701198	0	SAVESTATE
1441921803633	0	SAVESTATE
1441921834736	0	BREAK
1441921834736	0	E	Logging Ends
1442092291391	0	B	Logging Begins
1442092291391	0	SETUP
1442092291392	0	RESTORESTATE
1442092291411	0	RESTORESTATE
1442092291425	0	SESSION	3
1442092295712	0	BREAK
1442092295712	0	E	Logging Ends
1442092297201	0	B	Logging Begins
1442092297201	0	SETUP
1442092298031	0	RESTORESTATE
1442092298046	0	RESTORESTATE
1442092298061	0	RESTORESTATE
1442092298074	0	SESSION	3
1442092302160	0	SAVESTATE
1442092304893	0	EXIT
1442092304893	0	E	Logging Ends
1442092321830	0	B	Logging Begins
1442092321830	0	SETUP
1442092321830	0	RESTORESTATE
1442092321848	0	RESTORESTATE
1442092321866	0	SESSION	4
1442092325420	0	BREAK
1442092325420	0	E	Logging Ends
1442092326991	0	B	Logging Begins
1442092326991	0	SETUP
1442092327822	0	RESTORESTATE
1442092327838	0	RESTORESTATE
1442092327852	0	RESTORESTATE
1442092327866	0	SESSION	4
1442092802511	0	SAVESTATE
1442092900220	0	SAVESTATE
1442092997906	0	SAVESTATE
1442093094572	0	SAVESTATE
1442093189159	0	SAVESTATE
1442093286124	0	SAVESTATE
1442093381664	0	SAVESTATE
1442093476693	0	SAVESTATE
1442093572179	0	SAVESTATE
1442093670081	0	SAVESTATE
1442093782267	0	SAVESTATE
1442093800672	0	BREAK
1442093800672	0	E	Logging Ends
